--- Starting SRA download job ---
Job ID: 14903244
Running on host: kp025
--- Modules loaded. ---
/uufs/chpc.utah.edu/sys/installdir/r8/sratoolkit/3.1.1/bin/prefetch
/uufs/chpc.utah.edu/sys/installdir/r8/sratoolkit/3.1.1/bin/fasterq-dump
--- Step 7: Downloading & converting to FASTQ ---
Changing to directory: /uufs/chpc.utah.edu/common/home/u1477302/Documents/qiime_pipes/raw_data/PRJNA979931
Running prefetch...
2025-11-14T23:06:38 prefetch.3.1.1: 1) Resolving 'SRR24844052'...
2025-11-14T23:06:44 prefetch.3.1.1: Current preference is set to retrieve SRA Normalized Format files with full base quality scores
2025-11-14T23:06:45 prefetch.3.1.1: 1) Downloading 'SRR24844052'...
2025-11-14T23:06:45 prefetch.3.1.1:  SRA Normalized Format file is being retrieved
2025-11-14T23:06:45 prefetch.3.1.1:  Downloading via HTTPS...
2025-11-14T23:06:45 prefetch.3.1.1:  HTTPS download succeed
2025-11-14T23:06:45 prefetch.3.1.1:  'SRR24844052' is valid: 1854182 bytes were streamed from 1844764
2025-11-14T23:06:45 prefetch.3.1.1: 1) 'SRR24844052' was downloaded successfully
2025-11-14T23:06:45 prefetch.3.1.1: 'SRR24844052' has 0 unresolved dependencies
2025-11-14T23:06:45 prefetch.3.1.1: 2) Resolving 'SRR24844051'...
2025-11-14T23:06:46 prefetch.3.1.1: 2) Downloading 'SRR24844051'...
2025-11-14T23:06:46 prefetch.3.1.1:  SRA Normalized Format file is being retrieved
2025-11-14T23:06:46 prefetch.3.1.1:  Downloading via HTTPS...
2025-11-14T23:06:47 prefetch.3.1.1:  HTTPS download succeed
2025-11-14T23:06:47 prefetch.3.1.1:  'SRR24844051' is valid: 13272549 bytes were streamed from 13262329
2025-11-14T23:06:47 prefetch.3.1.1: 2) 'SRR24844051' was downloaded successfully
2025-11-14T23:06:47 prefetch.3.1.1: 'SRR24844051' has 0 unresolved dependencies
2025-11-14T23:06:47 prefetch.3.1.1: 3) Resolving 'SRR24844050'...
2025-11-14T23:06:52 prefetch.3.1.1: 3) Downloading 'SRR24844050'...
2025-11-14T23:06:52 prefetch.3.1.1:  SRA Normalized Format file is being retrieved
2025-11-14T23:06:52 prefetch.3.1.1:  Downloading via HTTPS...
2025-11-14T23:06:53 prefetch.3.1.1:  HTTPS download succeed
2025-11-14T23:06:53 prefetch.3.1.1:  'SRR24844050' is valid: 2107037 bytes were streamed from 2102812
2025-11-14T23:06:53 prefetch.3.1.1: 3) 'SRR24844050' was downloaded successfully
2025-11-14T23:06:53 prefetch.3.1.1: 'SRR24844050' has 0 unresolved dependencies
2025-11-14T23:06:53 prefetch.3.1.1: 4) Resolving 'SRR24844049'...
2025-11-14T23:06:57 prefetch.3.1.1: 4) Downloading 'SRR24844049'...
2025-11-14T23:06:57 prefetch.3.1.1:  SRA Normalized Format file is being retrieved
2025-11-14T23:06:57 prefetch.3.1.1:  Downloading via HTTPS...
2025-11-14T23:06:58 prefetch.3.1.1:  HTTPS download succeed
2025-11-14T23:06:58 prefetch.3.1.1:  'SRR24844049' is valid: 3747611 bytes were streamed from 3743260
2025-11-14T23:06:58 prefetch.3.1.1: 4) 'SRR24844049' was downloaded successfully
2025-11-14T23:06:58 prefetch.3.1.1: 'SRR24844049' has 0 unresolved dependencies
2025-11-14T23:06:58 prefetch.3.1.1: 5) Resolving 'SRR24844053'...
2025-11-14T23:07:02 prefetch.3.1.1: 5) Downloading 'SRR24844053'...
2025-11-14T23:07:02 prefetch.3.1.1:  SRA Normalized Format file is being retrieved
2025-11-14T23:07:02 prefetch.3.1.1:  Downloading via HTTPS...
2025-11-14T23:07:04 prefetch.3.1.1:  HTTPS download succeed
2025-11-14T23:07:04 prefetch.3.1.1:  'SRR24844053' is valid: 19736666 bytes were streamed from 19726853
2025-11-14T23:07:04 prefetch.3.1.1: 5) 'SRR24844053' was downloaded successfully
2025-11-14T23:07:04 prefetch.3.1.1: 'SRR24844053' has 0 unresolved dependencies
2025-11-14T23:07:04 prefetch.3.1.1: 6) Resolving 'SRR24844055'...
2025-11-14T23:07:04 prefetch.3.1.1: 6) Downloading 'SRR24844055'...
2025-11-14T23:07:04 prefetch.3.1.1:  SRA Normalized Format file is being retrieved
2025-11-14T23:07:04 prefetch.3.1.1:  Downloading via HTTPS...
2025-11-14T23:07:05 prefetch.3.1.1:  HTTPS download succeed
2025-11-14T23:07:05 prefetch.3.1.1:  'SRR24844055' is valid: 9072891 bytes were streamed from 9062938
2025-11-14T23:07:05 prefetch.3.1.1: 6) 'SRR24844055' was downloaded successfully
2025-11-14T23:07:05 prefetch.3.1.1: 'SRR24844055' has 0 unresolved dependencies
2025-11-14T23:07:05 prefetch.3.1.1: 7) Resolving 'SRR24844054'...
2025-11-14T23:07:10 prefetch.3.1.1: 7) Downloading 'SRR24844054'...
2025-11-14T23:07:10 prefetch.3.1.1:  SRA Normalized Format file is being retrieved
2025-11-14T23:07:10 prefetch.3.1.1:  Downloading via HTTPS...
2025-11-14T23:07:11 prefetch.3.1.1:  HTTPS download succeed
2025-11-14T23:07:11 prefetch.3.1.1:  'SRR24844054' is valid: 15016345 bytes were streamed from 15012365
2025-11-14T23:07:11 prefetch.3.1.1: 7) 'SRR24844054' was downloaded successfully
2025-11-14T23:07:11 prefetch.3.1.1: 'SRR24844054' has 0 unresolved dependencies
2025-11-14T23:07:11 prefetch.3.1.1: 8) Resolving 'SRR24844056'...
2025-11-14T23:07:16 prefetch.3.1.1: 8) Downloading 'SRR24844056'...
2025-11-14T23:07:16 prefetch.3.1.1:  SRA Normalized Format file is being retrieved
2025-11-14T23:07:16 prefetch.3.1.1:  Downloading via HTTPS...
2025-11-14T23:07:17 prefetch.3.1.1:  HTTPS download succeed
2025-11-14T23:07:18 prefetch.3.1.1:  'SRR24844056' is valid: 30016058 bytes were streamed from 30014467
2025-11-14T23:07:18 prefetch.3.1.1: 8) 'SRR24844056' was downloaded successfully
2025-11-14T23:07:18 prefetch.3.1.1: 'SRR24844056' has 0 unresolved dependencies
2025-11-14T23:07:18 prefetch.3.1.1: 9) Resolving 'SRR24844057'...
2025-11-14T23:07:22 prefetch.3.1.1: 9) Downloading 'SRR24844057'...
2025-11-14T23:07:22 prefetch.3.1.1:  SRA Normalized Format file is being retrieved
2025-11-14T23:07:22 prefetch.3.1.1:  Downloading via HTTPS...
2025-11-14T23:07:23 prefetch.3.1.1:  HTTPS download succeed
2025-11-14T23:07:24 prefetch.3.1.1:  'SRR24844057' is valid: 23681454 bytes were streamed from 23679493
2025-11-14T23:07:24 prefetch.3.1.1: 9) 'SRR24844057' was downloaded successfully
2025-11-14T23:07:24 prefetch.3.1.1: 'SRR24844057' has 0 unresolved dependencies
2025-11-14T23:07:24 prefetch.3.1.1: 10) Resolving 'SRR24844058'...
2025-11-14T23:07:24 prefetch.3.1.1: 10) Downloading 'SRR24844058'...
2025-11-14T23:07:24 prefetch.3.1.1:  SRA Normalized Format file is being retrieved
2025-11-14T23:07:24 prefetch.3.1.1:  Downloading via HTTPS...
2025-11-14T23:07:25 prefetch.3.1.1:  HTTPS download succeed
2025-11-14T23:07:25 prefetch.3.1.1:  'SRR24844058' is valid: 1455438 bytes were streamed from 1444380
2025-11-14T23:07:25 prefetch.3.1.1: 10) 'SRR24844058' was downloaded successfully
2025-11-14T23:07:25 prefetch.3.1.1: 'SRR24844058' has 0 unresolved dependencies
2025-11-14T23:07:25 prefetch.3.1.1: 11) Resolving 'SRR24844059'...
2025-11-14T23:07:29 prefetch.3.1.1: 11) Downloading 'SRR24844059'...
2025-11-14T23:07:29 prefetch.3.1.1:  SRA Normalized Format file is being retrieved
2025-11-14T23:07:29 prefetch.3.1.1:  Downloading via HTTPS...
2025-11-14T23:07:31 prefetch.3.1.1:  HTTPS download succeed
2025-11-14T23:07:31 prefetch.3.1.1:  'SRR24844059' is valid: 18746122 bytes were streamed from 18738713
2025-11-14T23:07:31 prefetch.3.1.1: 11) 'SRR24844059' was downloaded successfully
2025-11-14T23:07:31 prefetch.3.1.1: 'SRR24844059' has 0 unresolved dependencies
2025-11-14T23:07:31 prefetch.3.1.1: 12) Resolving 'SRR24844060'...
2025-11-14T23:07:35 prefetch.3.1.1: 12) Downloading 'SRR24844060'...
2025-11-14T23:07:35 prefetch.3.1.1:  SRA Normalized Format file is being retrieved
2025-11-14T23:07:35 prefetch.3.1.1:  Downloading via HTTPS...
2025-11-14T23:07:36 prefetch.3.1.1:  HTTPS download succeed
2025-11-14T23:07:36 prefetch.3.1.1:  'SRR24844060' is valid: 4792455 bytes were streamed from 4777500
2025-11-14T23:07:36 prefetch.3.1.1: 12) 'SRR24844060' was downloaded successfully
2025-11-14T23:07:36 prefetch.3.1.1: 'SRR24844060' has 0 unresolved dependencies
2025-11-14T23:07:36 prefetch.3.1.1: 13) Resolving 'SRR24844061'...
2025-11-14T23:07:41 prefetch.3.1.1: 13) Downloading 'SRR24844061'...
2025-11-14T23:07:41 prefetch.3.1.1:  SRA Normalized Format file is being retrieved
2025-11-14T23:07:41 prefetch.3.1.1:  Downloading via HTTPS...
2025-11-14T23:07:42 prefetch.3.1.1:  HTTPS download succeed
2025-11-14T23:07:42 prefetch.3.1.1:  'SRR24844061' is valid: 24314978 bytes were streamed from 24310285
2025-11-14T23:07:42 prefetch.3.1.1: 13) 'SRR24844061' was downloaded successfully
2025-11-14T23:07:42 prefetch.3.1.1: 'SRR24844061' has 0 unresolved dependencies
2025-11-14T23:07:42 prefetch.3.1.1: 14) Resolving 'SRR24844063'...
2025-11-14T23:07:47 prefetch.3.1.1: 14) Downloading 'SRR24844063'...
2025-11-14T23:07:47 prefetch.3.1.1:  SRA Normalized Format file is being retrieved
2025-11-14T23:07:47 prefetch.3.1.1:  Downloading via HTTPS...
2025-11-14T23:07:49 prefetch.3.1.1:  HTTPS download succeed
2025-11-14T23:07:49 prefetch.3.1.1:  'SRR24844063' is valid: 48564473 bytes were streamed from 48563051
2025-11-14T23:07:49 prefetch.3.1.1: 14) 'SRR24844063' was downloaded successfully
2025-11-14T23:07:49 prefetch.3.1.1: 'SRR24844063' has 0 unresolved dependencies
2025-11-14T23:07:49 prefetch.3.1.1: 15) Resolving 'SRR24844062'...
2025-11-14T23:07:54 prefetch.3.1.1: 15) Downloading 'SRR24844062'...
2025-11-14T23:07:54 prefetch.3.1.1:  SRA Normalized Format file is being retrieved
2025-11-14T23:07:54 prefetch.3.1.1:  Downloading via HTTPS...
2025-11-14T23:07:55 prefetch.3.1.1:  HTTPS download succeed
2025-11-14T23:07:55 prefetch.3.1.1:  'SRR24844062' is valid: 26361872 bytes were streamed from 26357967
2025-11-14T23:07:55 prefetch.3.1.1: 15) 'SRR24844062' was downloaded successfully
2025-11-14T23:07:55 prefetch.3.1.1: 'SRR24844062' has 0 unresolved dependencies
2025-11-14T23:07:55 prefetch.3.1.1: 16) Resolving 'SRR24844064'...
2025-11-14T23:07:56 prefetch.3.1.1: 16) Downloading 'SRR24844064'...
2025-11-14T23:07:56 prefetch.3.1.1:  SRA Normalized Format file is being retrieved
2025-11-14T23:07:56 prefetch.3.1.1:  Downloading via HTTPS...
2025-11-14T23:07:57 prefetch.3.1.1:  HTTPS download succeed
2025-11-14T23:07:57 prefetch.3.1.1:  'SRR24844064' is valid: 10328833 bytes were streamed from 10326553
2025-11-14T23:07:57 prefetch.3.1.1: 16) 'SRR24844064' was downloaded successfully
2025-11-14T23:07:57 prefetch.3.1.1: 'SRR24844064' has 0 unresolved dependencies
2025-11-14T23:07:57 prefetch.3.1.1: 17) Resolving 'SRR24844065'...
2025-11-14T23:07:57 prefetch.3.1.1: 17) Downloading 'SRR24844065'...
2025-11-14T23:07:57 prefetch.3.1.1:  SRA Normalized Format file is being retrieved
2025-11-14T23:07:57 prefetch.3.1.1:  Downloading via HTTPS...
2025-11-14T23:07:58 prefetch.3.1.1:  HTTPS download succeed
2025-11-14T23:07:58 prefetch.3.1.1:  'SRR24844065' is valid: 2345912 bytes were streamed from 2330128
2025-11-14T23:07:58 prefetch.3.1.1: 17) 'SRR24844065' was downloaded successfully
2025-11-14T23:07:58 prefetch.3.1.1: 'SRR24844065' has 0 unresolved dependencies
2025-11-14T23:07:58 prefetch.3.1.1: 18) Resolving 'SRR24844066'...
2025-11-14T23:07:59 prefetch.3.1.1: 18) Downloading 'SRR24844066'...
2025-11-14T23:07:59 prefetch.3.1.1:  SRA Normalized Format file is being retrieved
2025-11-14T23:07:59 prefetch.3.1.1:  Downloading via HTTPS...
2025-11-14T23:08:00 prefetch.3.1.1:  HTTPS download succeed
2025-11-14T23:08:00 prefetch.3.1.1:  'SRR24844066' is valid: 6015727 bytes were streamed from 6011420
2025-11-14T23:08:00 prefetch.3.1.1: 18) 'SRR24844066' was downloaded successfully
2025-11-14T23:08:00 prefetch.3.1.1: 'SRR24844066' has 0 unresolved dependencies
2025-11-14T23:08:00 prefetch.3.1.1: 19) Resolving 'SRR24844067'...
2025-11-14T23:08:00 prefetch.3.1.1: 19) Downloading 'SRR24844067'...
2025-11-14T23:08:00 prefetch.3.1.1:  SRA Normalized Format file is being retrieved
2025-11-14T23:08:00 prefetch.3.1.1:  Downloading via HTTPS...
2025-11-14T23:08:02 prefetch.3.1.1:  HTTPS download succeed
2025-11-14T23:08:02 prefetch.3.1.1:  'SRR24844067' is valid: 28125464 bytes were streamed from 28115467
2025-11-14T23:08:02 prefetch.3.1.1: 19) 'SRR24844067' was downloaded successfully
2025-11-14T23:08:02 prefetch.3.1.1: 'SRR24844067' has 0 unresolved dependencies
2025-11-14T23:08:02 prefetch.3.1.1: 20) Resolving 'SRR24844068'...
2025-11-14T23:08:06 prefetch.3.1.1: 20) Downloading 'SRR24844068'...
2025-11-14T23:08:06 prefetch.3.1.1:  SRA Normalized Format file is being retrieved
2025-11-14T23:08:06 prefetch.3.1.1:  Downloading via HTTPS...
2025-11-14T23:08:08 prefetch.3.1.1:  HTTPS download succeed
2025-11-14T23:08:08 prefetch.3.1.1:  'SRR24844068' is valid: 35893177 bytes were streamed from 35885427
2025-11-14T23:08:08 prefetch.3.1.1: 20) 'SRR24844068' was downloaded successfully
2025-11-14T23:08:08 prefetch.3.1.1: 'SRR24844068' has 0 unresolved dependencies
2025-11-14T23:08:08 prefetch.3.1.1: 21) Resolving 'SRR24844073'...
2025-11-14T23:08:13 prefetch.3.1.1: 21) Downloading 'SRR24844073'...
2025-11-14T23:08:13 prefetch.3.1.1:  SRA Normalized Format file is being retrieved
2025-11-14T23:08:13 prefetch.3.1.1:  Downloading via HTTPS...
2025-11-14T23:08:14 prefetch.3.1.1:  HTTPS download succeed
2025-11-14T23:08:14 prefetch.3.1.1:  'SRR24844073' is valid: 17175093 bytes were streamed from 17163769
2025-11-14T23:08:14 prefetch.3.1.1: 21) 'SRR24844073' was downloaded successfully
2025-11-14T23:08:14 prefetch.3.1.1: 'SRR24844073' has 0 unresolved dependencies
2025-11-14T23:08:14 prefetch.3.1.1: 22) Resolving 'SRR24844069'...
2025-11-14T23:08:15 prefetch.3.1.1: 22) Downloading 'SRR24844069'...
2025-11-14T23:08:15 prefetch.3.1.1:  SRA Normalized Format file is being retrieved
2025-11-14T23:08:15 prefetch.3.1.1:  Downloading via HTTPS...
2025-11-14T23:08:16 prefetch.3.1.1:  HTTPS download succeed
2025-11-14T23:08:16 prefetch.3.1.1:  'SRR24844069' is valid: 15031118 bytes were streamed from 15027717
2025-11-14T23:08:16 prefetch.3.1.1: 22) 'SRR24844069' was downloaded successfully
2025-11-14T23:08:16 prefetch.3.1.1: 'SRR24844069' has 0 unresolved dependencies
2025-11-14T23:08:16 prefetch.3.1.1: 23) Resolving 'SRR24844070'...
2025-11-14T23:08:16 prefetch.3.1.1: 23) Downloading 'SRR24844070'...
2025-11-14T23:08:16 prefetch.3.1.1:  SRA Normalized Format file is being retrieved
2025-11-14T23:08:16 prefetch.3.1.1:  Downloading via HTTPS...
2025-11-14T23:08:17 prefetch.3.1.1:  HTTPS download succeed
2025-11-14T23:08:17 prefetch.3.1.1:  'SRR24844070' is valid: 5589461 bytes were streamed from 5585906
2025-11-14T23:08:17 prefetch.3.1.1: 23) 'SRR24844070' was downloaded successfully
2025-11-14T23:08:17 prefetch.3.1.1: 'SRR24844070' has 0 unresolved dependencies
2025-11-14T23:08:17 prefetch.3.1.1: 24) Resolving 'SRR24844071'...
2025-11-14T23:08:22 prefetch.3.1.1: 24) Downloading 'SRR24844071'...
2025-11-14T23:08:22 prefetch.3.1.1:  SRA Normalized Format file is being retrieved
2025-11-14T23:08:22 prefetch.3.1.1:  Downloading via HTTPS...
2025-11-14T23:08:24 prefetch.3.1.1:  HTTPS download succeed
2025-11-14T23:08:24 prefetch.3.1.1:  'SRR24844071' is valid: 48129111 bytes were streamed from 48115225
2025-11-14T23:08:24 prefetch.3.1.1: 24) 'SRR24844071' was downloaded successfully
2025-11-14T23:08:24 prefetch.3.1.1: 'SRR24844071' has 0 unresolved dependencies
2025-11-14T23:08:24 prefetch.3.1.1: 25) Resolving 'SRR24844072'...
2025-11-14T23:08:25 prefetch.3.1.1: 25) Downloading 'SRR24844072'...
2025-11-14T23:08:25 prefetch.3.1.1:  SRA Normalized Format file is being retrieved
2025-11-14T23:08:25 prefetch.3.1.1:  Downloading via HTTPS...
2025-11-14T23:08:26 prefetch.3.1.1:  HTTPS download succeed
2025-11-14T23:08:26 prefetch.3.1.1:  'SRR24844072' is valid: 10585726 bytes were streamed from 10580473
2025-11-14T23:08:26 prefetch.3.1.1: 25) 'SRR24844072' was downloaded successfully
2025-11-14T23:08:26 prefetch.3.1.1: 'SRR24844072' has 0 unresolved dependencies
2025-11-14T23:08:26 prefetch.3.1.1: 26) Resolving 'SRR24844076'...
2025-11-14T23:08:26 prefetch.3.1.1: 26) Downloading 'SRR24844076'...
2025-11-14T23:08:26 prefetch.3.1.1:  SRA Normalized Format file is being retrieved
2025-11-14T23:08:26 prefetch.3.1.1:  Downloading via HTTPS...
2025-11-14T23:08:27 prefetch.3.1.1:  HTTPS download succeed
2025-11-14T23:08:27 prefetch.3.1.1:  'SRR24844076' is valid: 2658044 bytes were streamed from 2643452
2025-11-14T23:08:27 prefetch.3.1.1: 26) 'SRR24844076' was downloaded successfully
2025-11-14T23:08:27 prefetch.3.1.1: 'SRR24844076' has 0 unresolved dependencies
2025-11-14T23:08:27 prefetch.3.1.1: 27) Resolving 'SRR24844077'...
2025-11-14T23:08:28 prefetch.3.1.1: 27) Downloading 'SRR24844077'...
2025-11-14T23:08:28 prefetch.3.1.1:  SRA Normalized Format file is being retrieved
2025-11-14T23:08:28 prefetch.3.1.1:  Downloading via HTTPS...
2025-11-14T23:08:29 prefetch.3.1.1:  HTTPS download succeed
2025-11-14T23:08:29 prefetch.3.1.1:  'SRR24844077' is valid: 9543308 bytes were streamed from 9530886
2025-11-14T23:08:29 prefetch.3.1.1: 27) 'SRR24844077' was downloaded successfully
2025-11-14T23:08:29 prefetch.3.1.1: 'SRR24844077' has 0 unresolved dependencies
2025-11-14T23:08:29 prefetch.3.1.1: 28) Resolving 'SRR24844078'...
2025-11-14T23:08:30 prefetch.3.1.1: 28) Downloading 'SRR24844078'...
2025-11-14T23:08:30 prefetch.3.1.1:  SRA Normalized Format file is being retrieved
2025-11-14T23:08:30 prefetch.3.1.1:  Downloading via HTTPS...
2025-11-14T23:08:31 prefetch.3.1.1:  HTTPS download succeed
2025-11-14T23:08:31 prefetch.3.1.1:  'SRR24844078' is valid: 26522505 bytes were streamed from 26522137
2025-11-14T23:08:31 prefetch.3.1.1: 28) 'SRR24844078' was downloaded successfully
2025-11-14T23:08:31 prefetch.3.1.1: 'SRR24844078' has 0 unresolved dependencies
2025-11-14T23:08:31 prefetch.3.1.1: 29) Resolving 'SRR24844074'...
2025-11-14T23:08:32 prefetch.3.1.1: 29) Downloading 'SRR24844074'...
2025-11-14T23:08:32 prefetch.3.1.1:  SRA Normalized Format file is being retrieved
2025-11-14T23:08:32 prefetch.3.1.1:  Downloading via HTTPS...
2025-11-14T23:08:33 prefetch.3.1.1:  HTTPS download succeed
2025-11-14T23:08:34 prefetch.3.1.1:  'SRR24844074' is valid: 25011525 bytes were streamed from 25008665
2025-11-14T23:08:34 prefetch.3.1.1: 29) 'SRR24844074' was downloaded successfully
2025-11-14T23:08:34 prefetch.3.1.1: 'SRR24844074' has 0 unresolved dependencies
2025-11-14T23:08:34 prefetch.3.1.1: 30) Resolving 'SRR24844075'...
2025-11-14T23:08:38 prefetch.3.1.1: 30) Downloading 'SRR24844075'...
2025-11-14T23:08:38 prefetch.3.1.1:  SRA Normalized Format file is being retrieved
2025-11-14T23:08:38 prefetch.3.1.1:  Downloading via HTTPS...
2025-11-14T23:08:48 prefetch.3.1.1:  HTTPS download succeed
2025-11-14T23:08:50 prefetch.3.1.1:  'SRR24844075' is valid: 271826718 bytes were streamed from 271817433
2025-11-14T23:08:50 prefetch.3.1.1: 30) 'SRR24844075' was downloaded successfully
2025-11-14T23:08:50 prefetch.3.1.1: 'SRR24844075' has 0 unresolved dependencies
2025-11-14T23:08:50 prefetch.3.1.1: 31) Resolving 'SRR24844083'...
2025-11-14T23:08:51 prefetch.3.1.1: 31) Downloading 'SRR24844083'...
2025-11-14T23:08:51 prefetch.3.1.1:  SRA Normalized Format file is being retrieved
2025-11-14T23:08:51 prefetch.3.1.1:  Downloading via HTTPS...
2025-11-14T23:08:52 prefetch.3.1.1:  HTTPS download succeed
2025-11-14T23:08:52 prefetch.3.1.1:  'SRR24844083' is valid: 13232063 bytes were streamed from 13222425
2025-11-14T23:08:52 prefetch.3.1.1: 31) 'SRR24844083' was downloaded successfully
2025-11-14T23:08:52 prefetch.3.1.1: 'SRR24844083' has 0 unresolved dependencies
2025-11-14T23:08:52 prefetch.3.1.1: 32) Resolving 'SRR24844081'...
2025-11-14T23:08:57 prefetch.3.1.1: 32) Downloading 'SRR24844081'...
2025-11-14T23:08:57 prefetch.3.1.1:  SRA Normalized Format file is being retrieved
2025-11-14T23:08:57 prefetch.3.1.1:  Downloading via HTTPS...
2025-11-14T23:08:57 prefetch.3.1.1:  HTTPS download succeed
2025-11-14T23:08:57 prefetch.3.1.1:  'SRR24844081' is valid: 3018105 bytes were streamed from 3016200
2025-11-14T23:08:57 prefetch.3.1.1: 32) 'SRR24844081' was downloaded successfully
2025-11-14T23:08:57 prefetch.3.1.1: 'SRR24844081' has 0 unresolved dependencies
2025-11-14T23:08:57 prefetch.3.1.1: 33) Resolving 'SRR24844079'...
2025-11-14T23:08:58 prefetch.3.1.1: 33) Downloading 'SRR24844079'...
2025-11-14T23:08:58 prefetch.3.1.1:  SRA Normalized Format file is being retrieved
2025-11-14T23:08:58 prefetch.3.1.1:  Downloading via HTTPS...
2025-11-14T23:08:59 prefetch.3.1.1:  HTTPS download succeed
2025-11-14T23:08:59 prefetch.3.1.1:  'SRR24844079' is valid: 1977157 bytes were streamed from 1971720
2025-11-14T23:08:59 prefetch.3.1.1: 33) 'SRR24844079' was downloaded successfully
2025-11-14T23:08:59 prefetch.3.1.1: 'SRR24844079' has 0 unresolved dependencies
2025-11-14T23:08:59 prefetch.3.1.1: 34) Resolving 'SRR24844080'...
2025-11-14T23:08:59 prefetch.3.1.1: 34) Downloading 'SRR24844080'...
2025-11-14T23:08:59 prefetch.3.1.1:  SRA Normalized Format file is being retrieved
2025-11-14T23:08:59 prefetch.3.1.1:  Downloading via HTTPS...
2025-11-14T23:09:00 prefetch.3.1.1:  HTTPS download succeed
2025-11-14T23:09:00 prefetch.3.1.1:  'SRR24844080' is valid: 1757869 bytes were streamed from 1757704
2025-11-14T23:09:00 prefetch.3.1.1: 34) 'SRR24844080' was downloaded successfully
2025-11-14T23:09:00 prefetch.3.1.1: 'SRR24844080' has 0 unresolved dependencies
2025-11-14T23:09:00 prefetch.3.1.1: 35) Resolving 'SRR24844082'...
2025-11-14T23:09:04 prefetch.3.1.1: 35) Downloading 'SRR24844082'...
2025-11-14T23:09:04 prefetch.3.1.1:  SRA Normalized Format file is being retrieved
2025-11-14T23:09:04 prefetch.3.1.1:  Downloading via HTTPS...
2025-11-14T23:09:06 prefetch.3.1.1:  HTTPS download succeed
2025-11-14T23:09:06 prefetch.3.1.1:  'SRR24844082' is valid: 20553476 bytes were streamed from 20542969
2025-11-14T23:09:06 prefetch.3.1.1: 35) 'SRR24844082' was downloaded successfully
2025-11-14T23:09:06 prefetch.3.1.1: 'SRR24844082' has 0 unresolved dependencies
2025-11-14T23:09:06 prefetch.3.1.1: 36) Resolving 'SRR24823596'...
2025-11-14T23:09:06 prefetch.3.1.1: 36) Downloading 'SRR24823596'...
2025-11-14T23:09:06 prefetch.3.1.1:  SRA Normalized Format file is being retrieved
2025-11-14T23:09:06 prefetch.3.1.1:  Downloading via HTTPS...
2025-11-14T23:09:09 prefetch.3.1.1:  HTTPS download succeed
2025-11-14T23:09:10 prefetch.3.1.1:  'SRR24823596' is valid: 62569109 bytes were streamed from 62558435
2025-11-14T23:09:10 prefetch.3.1.1: 36) 'SRR24823596' was downloaded successfully
2025-11-14T23:09:10 prefetch.3.1.1: 'SRR24823596' has 0 unresolved dependencies
Running fasterq-dump...
Processing SRR24844052
Processing SRR24844051
Processing SRR24844050
Processing SRR24844049
Processing SRR24844053
Processing SRR24844055
Processing SRR24844054
Processing SRR24844056
Processing SRR24844057
Processing SRR24844058
Processing SRR24844059
Processing SRR24844060
Processing SRR24844061
Processing SRR24844063
Processing SRR24844062
Processing SRR24844064
Processing SRR24844065
Processing SRR24844066
Processing SRR24844067
Processing SRR24844068
Processing SRR24844073
Processing SRR24844069
Processing SRR24844070
Processing SRR24844071
Processing SRR24844072
Processing SRR24844076
Processing SRR24844077
Processing SRR24844078
Processing SRR24844074
Processing SRR24844075
Processing SRR24844083
Processing SRR24844081
Processing SRR24844079
Processing SRR24844080
Processing SRR24844082
Processing SRR24823596
--- fasterq-dump complete. ---
--- Step 8: Creating manifest file... ---
--- Step 9: Returning to base directory. ---
--- Slurm job complete. ---
