--- Starting SRA download job ---
Job ID: 14892372
Running on host: kp231
--- Modules loaded. ---
/uufs/chpc.utah.edu/sys/installdir/r8/sratoolkit/3.1.1/bin/prefetch
/uufs/chpc.utah.edu/sys/installdir/r8/sratoolkit/3.1.1/bin/fasterq-dump
--- Step 7: Downloading & converting to FASTQ ---
Changing to directory: /uufs/chpc.utah.edu/common/home/u1477302/Documents/qiime_pipes/raw_data/PRJNA724885_Moraes2024
Running prefetch...
2025-11-12T03:38:18 prefetch.3.1.1: 1) Resolving 'SRR14319892'...
2025-11-12T03:38:20 prefetch.3.1.1: Current preference is set to retrieve SRA Normalized Format files with full base quality scores
2025-11-12T03:38:21 prefetch.3.1.1: 1) Downloading 'SRR14319892'...
2025-11-12T03:38:21 prefetch.3.1.1:  SRA Normalized Format file is being retrieved
2025-11-12T03:38:21 prefetch.3.1.1:  Downloading via HTTPS...
2025-11-12T03:38:22 prefetch.3.1.1:  HTTPS download succeed
2025-11-12T03:38:22 prefetch.3.1.1:  'SRR14319892' is valid: 21042265 bytes were streamed from 21033515
2025-11-12T03:38:22 prefetch.3.1.1: 1) 'SRR14319892' was downloaded successfully
2025-11-12T03:38:22 prefetch.3.1.1: 'SRR14319892' has 0 unresolved dependencies
2025-11-12T03:38:22 prefetch.3.1.1: 2) Resolving 'SRR14319895'...
2025-11-12T03:38:27 prefetch.3.1.1: 2) Downloading 'SRR14319895'...
2025-11-12T03:38:27 prefetch.3.1.1:  SRA Normalized Format file is being retrieved
2025-11-12T03:38:27 prefetch.3.1.1:  Downloading via HTTPS...
2025-11-12T03:38:29 prefetch.3.1.1:  HTTPS download succeed
2025-11-12T03:38:29 prefetch.3.1.1:  'SRR14319895' is valid: 29123830 bytes were streamed from 29110827
2025-11-12T03:38:29 prefetch.3.1.1: 2) 'SRR14319895' was downloaded successfully
2025-11-12T03:38:29 prefetch.3.1.1: 'SRR14319895' has 0 unresolved dependencies
2025-11-12T03:38:29 prefetch.3.1.1: 3) Resolving 'SRR14319894'...
2025-11-12T03:38:30 prefetch.3.1.1: 3) Downloading 'SRR14319894'...
2025-11-12T03:38:30 prefetch.3.1.1:  SRA Normalized Format file is being retrieved
2025-11-12T03:38:30 prefetch.3.1.1:  Downloading via HTTPS...
2025-11-12T03:38:32 prefetch.3.1.1:  HTTPS download succeed
2025-11-12T03:38:32 prefetch.3.1.1:  'SRR14319894' is valid: 33232087 bytes were streamed from 33228351
2025-11-12T03:38:32 prefetch.3.1.1: 3) 'SRR14319894' was downloaded successfully
2025-11-12T03:38:32 prefetch.3.1.1: 'SRR14319894' has 0 unresolved dependencies
2025-11-12T03:38:32 prefetch.3.1.1: 4) Resolving 'SRR14319893'...
2025-11-12T03:38:37 prefetch.3.1.1: 4) Downloading 'SRR14319893'...
2025-11-12T03:38:37 prefetch.3.1.1:  SRA Normalized Format file is being retrieved
2025-11-12T03:38:37 prefetch.3.1.1:  Downloading via HTTPS...
2025-11-12T03:38:39 prefetch.3.1.1:  HTTPS download succeed
2025-11-12T03:38:39 prefetch.3.1.1:  'SRR14319893' is valid: 42742886 bytes were streamed from 42741311
2025-11-12T03:38:39 prefetch.3.1.1: 4) 'SRR14319893' was downloaded successfully
2025-11-12T03:38:39 prefetch.3.1.1: 'SRR14319893' has 0 unresolved dependencies
2025-11-12T03:38:39 prefetch.3.1.1: 5) Resolving 'SRR14319891'...
2025-11-12T03:38:40 prefetch.3.1.1: 5) Downloading 'SRR14319891'...
2025-11-12T03:38:40 prefetch.3.1.1:  SRA Normalized Format file is being retrieved
2025-11-12T03:38:40 prefetch.3.1.1:  Downloading via HTTPS...
2025-11-12T03:38:42 prefetch.3.1.1:  HTTPS download succeed
2025-11-12T03:38:42 prefetch.3.1.1:  'SRR14319891' is valid: 40557209 bytes were streamed from 40547903
2025-11-12T03:38:42 prefetch.3.1.1: 5) 'SRR14319891' was downloaded successfully
2025-11-12T03:38:42 prefetch.3.1.1: 'SRR14319891' has 0 unresolved dependencies
2025-11-12T03:38:42 prefetch.3.1.1: 6) Resolving 'SRR14319900'...
2025-11-12T03:38:47 prefetch.3.1.1: 6) Downloading 'SRR14319900'...
2025-11-12T03:38:47 prefetch.3.1.1:  SRA Normalized Format file is being retrieved
2025-11-12T03:38:47 prefetch.3.1.1:  Downloading via HTTPS...
2025-11-12T03:38:48 prefetch.3.1.1:  HTTPS download succeed
2025-11-12T03:38:49 prefetch.3.1.1:  'SRR14319900' is valid: 25762305 bytes were streamed from 25756203
2025-11-12T03:38:49 prefetch.3.1.1: 6) 'SRR14319900' was downloaded successfully
2025-11-12T03:38:49 prefetch.3.1.1: 'SRR14319900' has 0 unresolved dependencies
2025-11-12T03:38:49 prefetch.3.1.1: 7) Resolving 'SRR14319899'...
2025-11-12T03:38:49 prefetch.3.1.1: 7) Downloading 'SRR14319899'...
2025-11-12T03:38:49 prefetch.3.1.1:  SRA Normalized Format file is being retrieved
2025-11-12T03:38:49 prefetch.3.1.1:  Downloading via HTTPS...
2025-11-12T03:38:52 prefetch.3.1.1:  HTTPS download succeed
2025-11-12T03:38:52 prefetch.3.1.1:  'SRR14319899' is valid: 45597401 bytes were streamed from 45591083
2025-11-12T03:38:52 prefetch.3.1.1: 7) 'SRR14319899' was downloaded successfully
2025-11-12T03:38:52 prefetch.3.1.1: 'SRR14319899' has 0 unresolved dependencies
2025-11-12T03:38:52 prefetch.3.1.1: 8) Resolving 'SRR14319898'...
2025-11-12T03:38:57 prefetch.3.1.1: 8) Downloading 'SRR14319898'...
2025-11-12T03:38:57 prefetch.3.1.1:  SRA Normalized Format file is being retrieved
2025-11-12T03:38:57 prefetch.3.1.1:  Downloading via HTTPS...
2025-11-12T03:38:59 prefetch.3.1.1:  HTTPS download succeed
2025-11-12T03:38:59 prefetch.3.1.1:  'SRR14319898' is valid: 34784621 bytes were streamed from 34771519
2025-11-12T03:38:59 prefetch.3.1.1: 8) 'SRR14319898' was downloaded successfully
2025-11-12T03:38:59 prefetch.3.1.1: 'SRR14319898' has 0 unresolved dependencies
2025-11-12T03:38:59 prefetch.3.1.1: 9) Resolving 'SRR14319897'...
2025-11-12T03:38:59 prefetch.3.1.1: 9) Downloading 'SRR14319897'...
2025-11-12T03:38:59 prefetch.3.1.1:  SRA Normalized Format file is being retrieved
2025-11-12T03:38:59 prefetch.3.1.1:  Downloading via HTTPS...
2025-11-12T03:39:01 prefetch.3.1.1:  HTTPS download succeed
2025-11-12T03:39:02 prefetch.3.1.1:  'SRR14319897' is valid: 32494729 bytes were streamed from 32490027
2025-11-12T03:39:02 prefetch.3.1.1: 9) 'SRR14319897' was downloaded successfully
2025-11-12T03:39:02 prefetch.3.1.1: 'SRR14319897' has 0 unresolved dependencies
2025-11-12T03:39:02 prefetch.3.1.1: 10) Resolving 'SRR14319896'...
2025-11-12T03:39:02 prefetch.3.1.1: 10) Downloading 'SRR14319896'...
2025-11-12T03:39:02 prefetch.3.1.1:  SRA Normalized Format file is being retrieved
2025-11-12T03:39:02 prefetch.3.1.1:  Downloading via HTTPS...
2025-11-12T03:39:04 prefetch.3.1.1:  HTTPS download succeed
2025-11-12T03:39:05 prefetch.3.1.1:  'SRR14319896' is valid: 41020504 bytes were streamed from 41006655
2025-11-12T03:39:05 prefetch.3.1.1: 10) 'SRR14319896' was downloaded successfully
2025-11-12T03:39:05 prefetch.3.1.1: 'SRR14319896' has 0 unresolved dependencies
2025-11-12T03:39:05 prefetch.3.1.1: 11) Resolving 'SRR14319903'...
2025-11-12T03:39:09 prefetch.3.1.1: 11) Downloading 'SRR14319903'...
2025-11-12T03:39:09 prefetch.3.1.1:  SRA Normalized Format file is being retrieved
2025-11-12T03:39:09 prefetch.3.1.1:  Downloading via HTTPS...
2025-11-12T03:39:12 prefetch.3.1.1:  HTTPS download succeed
2025-11-12T03:39:13 prefetch.3.1.1:  'SRR14319903' is valid: 65541409 bytes were streamed from 65532479
2025-11-12T03:39:13 prefetch.3.1.1: 11) 'SRR14319903' was downloaded successfully
2025-11-12T03:39:13 prefetch.3.1.1: 'SRR14319903' has 0 unresolved dependencies
2025-11-12T03:39:13 prefetch.3.1.1: 12) Resolving 'SRR14319905'...
2025-11-12T03:39:18 prefetch.3.1.1: 12) Downloading 'SRR14319905'...
2025-11-12T03:39:18 prefetch.3.1.1:  SRA Normalized Format file is being retrieved
2025-11-12T03:39:18 prefetch.3.1.1:  Downloading via HTTPS...
2025-11-12T03:39:20 prefetch.3.1.1:  HTTPS download succeed
2025-11-12T03:39:20 prefetch.3.1.1:  'SRR14319905' is valid: 41420217 bytes were streamed from 41419327
2025-11-12T03:39:20 prefetch.3.1.1: 12) 'SRR14319905' was downloaded successfully
2025-11-12T03:39:20 prefetch.3.1.1: 'SRR14319905' has 0 unresolved dependencies
2025-11-12T03:39:20 prefetch.3.1.1: 13) Resolving 'SRR14319904'...
2025-11-12T03:39:25 prefetch.3.1.1: 13) Downloading 'SRR14319904'...
2025-11-12T03:39:25 prefetch.3.1.1:  SRA Normalized Format file is being retrieved
2025-11-12T03:39:25 prefetch.3.1.1:  Downloading via HTTPS...
2025-11-12T03:39:26 prefetch.3.1.1:  HTTPS download succeed
2025-11-12T03:39:26 prefetch.3.1.1:  'SRR14319904' is valid: 27403744 bytes were streamed from 27397675
2025-11-12T03:39:26 prefetch.3.1.1: 13) 'SRR14319904' was downloaded successfully
2025-11-12T03:39:27 prefetch.3.1.1: 'SRR14319904' has 0 unresolved dependencies
2025-11-12T03:39:27 prefetch.3.1.1: 14) Resolving 'SRR14319902'...
2025-11-12T03:39:27 prefetch.3.1.1: 14) Downloading 'SRR14319902'...
2025-11-12T03:39:27 prefetch.3.1.1:  SRA Normalized Format file is being retrieved
2025-11-12T03:39:27 prefetch.3.1.1:  Downloading via HTTPS...
2025-11-12T03:39:29 prefetch.3.1.1:  HTTPS download succeed
2025-11-12T03:39:29 prefetch.3.1.1:  'SRR14319902' is valid: 28117882 bytes were streamed from 28104255
2025-11-12T03:39:29 prefetch.3.1.1: 14) 'SRR14319902' was downloaded successfully
2025-11-12T03:39:29 prefetch.3.1.1: 'SRR14319902' has 0 unresolved dependencies
2025-11-12T03:39:29 prefetch.3.1.1: 15) Resolving 'SRR14319901'...
2025-11-12T03:39:34 prefetch.3.1.1: 15) Downloading 'SRR14319901'...
2025-11-12T03:39:34 prefetch.3.1.1:  SRA Normalized Format file is being retrieved
2025-11-12T03:39:34 prefetch.3.1.1:  Downloading via HTTPS...
2025-11-12T03:39:36 prefetch.3.1.1:  HTTPS download succeed
2025-11-12T03:39:36 prefetch.3.1.1:  'SRR14319901' is valid: 45058820 bytes were streamed from 45053471
2025-11-12T03:39:36 prefetch.3.1.1: 15) 'SRR14319901' was downloaded successfully
2025-11-12T03:39:36 prefetch.3.1.1: 'SRR14319901' has 0 unresolved dependencies
2025-11-12T03:39:36 prefetch.3.1.1: 16) Resolving 'SRR14319910'...
2025-11-12T03:39:41 prefetch.3.1.1: 16) Downloading 'SRR14319910'...
2025-11-12T03:39:41 prefetch.3.1.1:  SRA Normalized Format file is being retrieved
2025-11-12T03:39:41 prefetch.3.1.1:  Downloading via HTTPS...
2025-11-12T03:39:43 prefetch.3.1.1:  HTTPS download succeed
2025-11-12T03:39:43 prefetch.3.1.1:  'SRR14319910' is valid: 38449896 bytes were streamed from 38437145
2025-11-12T03:39:43 prefetch.3.1.1: 16) 'SRR14319910' was downloaded successfully
2025-11-12T03:39:43 prefetch.3.1.1: 'SRR14319910' has 0 unresolved dependencies
2025-11-12T03:39:43 prefetch.3.1.1: 17) Resolving 'SRR14319909'...
2025-11-12T03:39:48 prefetch.3.1.1: 17) Downloading 'SRR14319909'...
2025-11-12T03:39:48 prefetch.3.1.1:  SRA Normalized Format file is being retrieved
2025-11-12T03:39:48 prefetch.3.1.1:  Downloading via HTTPS...
2025-11-12T03:39:50 prefetch.3.1.1:  HTTPS download succeed
2025-11-12T03:39:50 prefetch.3.1.1:  'SRR14319909' is valid: 42730138 bytes were streamed from 42722867
2025-11-12T03:39:50 prefetch.3.1.1: 17) 'SRR14319909' was downloaded successfully
2025-11-12T03:39:50 prefetch.3.1.1: 'SRR14319909' has 0 unresolved dependencies
2025-11-12T03:39:50 prefetch.3.1.1: 18) Resolving 'SRR14319908'...
2025-11-12T03:39:55 prefetch.3.1.1: 18) Downloading 'SRR14319908'...
2025-11-12T03:39:55 prefetch.3.1.1:  SRA Normalized Format file is being retrieved
2025-11-12T03:39:55 prefetch.3.1.1:  Downloading via HTTPS...
2025-11-12T03:39:57 prefetch.3.1.1:  HTTPS download succeed
2025-11-12T03:39:57 prefetch.3.1.1:  'SRR14319908' is valid: 31978757 bytes were streamed from 31965739
2025-11-12T03:39:57 prefetch.3.1.1: 18) 'SRR14319908' was downloaded successfully
2025-11-12T03:39:57 prefetch.3.1.1: 'SRR14319908' has 0 unresolved dependencies
2025-11-12T03:39:57 prefetch.3.1.1: 19) Resolving 'SRR14319907'...
2025-11-12T03:39:58 prefetch.3.1.1: 19) Downloading 'SRR14319907'...
2025-11-12T03:39:58 prefetch.3.1.1:  SRA Normalized Format file is being retrieved
2025-11-12T03:39:58 prefetch.3.1.1:  Downloading via HTTPS...
2025-11-12T03:40:00 prefetch.3.1.1:  HTTPS download succeed
2025-11-12T03:40:00 prefetch.3.1.1:  'SRR14319907' is valid: 39416170 bytes were streamed from 39401025
2025-11-12T03:40:00 prefetch.3.1.1: 19) 'SRR14319907' was downloaded successfully
2025-11-12T03:40:00 prefetch.3.1.1: 'SRR14319907' has 0 unresolved dependencies
2025-11-12T03:40:00 prefetch.3.1.1: 20) Resolving 'SRR14319906'...
2025-11-12T03:40:05 prefetch.3.1.1: 20) Downloading 'SRR14319906'...
2025-11-12T03:40:05 prefetch.3.1.1:  SRA Normalized Format file is being retrieved
2025-11-12T03:40:05 prefetch.3.1.1:  Downloading via HTTPS...
2025-11-12T03:40:06 prefetch.3.1.1:  HTTPS download succeed
2025-11-12T03:40:07 prefetch.3.1.1:  'SRR14319906' is valid: 29290905 bytes were streamed from 29282847
2025-11-12T03:40:07 prefetch.3.1.1: 20) 'SRR14319906' was downloaded successfully
2025-11-12T03:40:07 prefetch.3.1.1: 'SRR14319906' has 0 unresolved dependencies
2025-11-12T03:40:07 prefetch.3.1.1: 21) Resolving 'SRR14319914'...
2025-11-12T03:40:07 prefetch.3.1.1: 21) Downloading 'SRR14319914'...
2025-11-12T03:40:07 prefetch.3.1.1:  SRA Normalized Format file is being retrieved
2025-11-12T03:40:07 prefetch.3.1.1:  Downloading via HTTPS...
2025-11-12T03:40:08 prefetch.3.1.1:  HTTPS download succeed
2025-11-12T03:40:09 prefetch.3.1.1:  'SRR14319914' is valid: 14467773 bytes were streamed from 14458329
2025-11-12T03:40:09 prefetch.3.1.1: 21) 'SRR14319914' was downloaded successfully
2025-11-12T03:40:09 prefetch.3.1.1: 'SRR14319914' has 0 unresolved dependencies
2025-11-12T03:40:09 prefetch.3.1.1: 22) Resolving 'SRR14319915'...
2025-11-12T03:40:09 prefetch.3.1.1: 22) Downloading 'SRR14319915'...
2025-11-12T03:40:09 prefetch.3.1.1:  SRA Normalized Format file is being retrieved
2025-11-12T03:40:09 prefetch.3.1.1:  Downloading via HTTPS...
2025-11-12T03:40:13 prefetch.3.1.1:  HTTPS download succeed
2025-11-12T03:40:13 prefetch.3.1.1:  'SRR14319915' is valid: 56990599 bytes were streamed from 56984107
2025-11-12T03:40:13 prefetch.3.1.1: 22) 'SRR14319915' was downloaded successfully
2025-11-12T03:40:13 prefetch.3.1.1: 'SRR14319915' has 0 unresolved dependencies
2025-11-12T03:40:13 prefetch.3.1.1: 23) Resolving 'SRR14319913'...
2025-11-12T03:40:14 prefetch.3.1.1: 23) Downloading 'SRR14319913'...
2025-11-12T03:40:14 prefetch.3.1.1:  SRA Normalized Format file is being retrieved
2025-11-12T03:40:14 prefetch.3.1.1:  Downloading via HTTPS...
2025-11-12T03:40:16 prefetch.3.1.1:  HTTPS download succeed
2025-11-12T03:40:16 prefetch.3.1.1:  'SRR14319913' is valid: 37907308 bytes were streamed from 37891635
2025-11-12T03:40:16 prefetch.3.1.1: 23) 'SRR14319913' was downloaded successfully
2025-11-12T03:40:16 prefetch.3.1.1: 'SRR14319913' has 0 unresolved dependencies
2025-11-12T03:40:16 prefetch.3.1.1: 24) Resolving 'SRR14319912'...
2025-11-12T03:40:21 prefetch.3.1.1: 24) Downloading 'SRR14319912'...
2025-11-12T03:40:21 prefetch.3.1.1:  SRA Normalized Format file is being retrieved
2025-11-12T03:40:21 prefetch.3.1.1:  Downloading via HTTPS...
2025-11-12T03:40:23 prefetch.3.1.1:  HTTPS download succeed
2025-11-12T03:40:23 prefetch.3.1.1:  'SRR14319912' is valid: 27836633 bytes were streamed from 27831839
2025-11-12T03:40:23 prefetch.3.1.1: 24) 'SRR14319912' was downloaded successfully
2025-11-12T03:40:23 prefetch.3.1.1: 'SRR14319912' has 0 unresolved dependencies
2025-11-12T03:40:23 prefetch.3.1.1: 25) Resolving 'SRR14319911'...
2025-11-12T03:40:23 prefetch.3.1.1: 25) Downloading 'SRR14319911'...
2025-11-12T03:40:23 prefetch.3.1.1:  SRA Normalized Format file is being retrieved
2025-11-12T03:40:23 prefetch.3.1.1:  Downloading via HTTPS...
2025-11-12T03:40:25 prefetch.3.1.1:  HTTPS download succeed
2025-11-12T03:40:26 prefetch.3.1.1:  'SRR14319911' is valid: 36812300 bytes were streamed from 36800063
2025-11-12T03:40:26 prefetch.3.1.1: 25) 'SRR14319911' was downloaded successfully
2025-11-12T03:40:26 prefetch.3.1.1: 'SRR14319911' has 0 unresolved dependencies
2025-11-12T03:40:26 prefetch.3.1.1: 26) Resolving 'SRR14319919'...
2025-11-12T03:40:26 prefetch.3.1.1: 26) Downloading 'SRR14319919'...
2025-11-12T03:40:26 prefetch.3.1.1:  SRA Normalized Format file is being retrieved
2025-11-12T03:40:26 prefetch.3.1.1:  Downloading via HTTPS...
2025-11-12T03:40:31 prefetch.3.1.1:  HTTPS download succeed
2025-11-12T03:40:32 prefetch.3.1.1:  'SRR14319919' is valid: 118105324 bytes were streamed from 118097503
2025-11-12T03:40:32 prefetch.3.1.1: 26) 'SRR14319919' was downloaded successfully
2025-11-12T03:40:32 prefetch.3.1.1: 'SRR14319919' has 0 unresolved dependencies
2025-11-12T03:40:32 prefetch.3.1.1: 27) Resolving 'SRR14319917'...
2025-11-12T03:40:37 prefetch.3.1.1: 27) Downloading 'SRR14319917'...
2025-11-12T03:40:37 prefetch.3.1.1:  SRA Normalized Format file is being retrieved
2025-11-12T03:40:37 prefetch.3.1.1:  Downloading via HTTPS...
2025-11-12T03:40:39 prefetch.3.1.1:  HTTPS download succeed
2025-11-12T03:40:39 prefetch.3.1.1:  'SRR14319917' is valid: 48489988 bytes were streamed from 48486975
2025-11-12T03:40:39 prefetch.3.1.1: 27) 'SRR14319917' was downloaded successfully
2025-11-12T03:40:39 prefetch.3.1.1: 'SRR14319917' has 0 unresolved dependencies
2025-11-12T03:40:39 prefetch.3.1.1: 28) Resolving 'SRR14319918'...
2025-11-12T03:40:40 prefetch.3.1.1: 28) Downloading 'SRR14319918'...
2025-11-12T03:40:40 prefetch.3.1.1:  SRA Normalized Format file is being retrieved
2025-11-12T03:40:40 prefetch.3.1.1:  Downloading via HTTPS...
2025-11-12T03:40:42 prefetch.3.1.1:  HTTPS download succeed
2025-11-12T03:40:43 prefetch.3.1.1:  'SRR14319918' is valid: 53533061 bytes were streamed from 53523007
2025-11-12T03:40:43 prefetch.3.1.1: 28) 'SRR14319918' was downloaded successfully
2025-11-12T03:40:43 prefetch.3.1.1: 'SRR14319918' has 0 unresolved dependencies
2025-11-12T03:40:43 prefetch.3.1.1: 29) Resolving 'SRR14319916'...
2025-11-12T03:40:44 prefetch.3.1.1: 29) Downloading 'SRR14319916'...
2025-11-12T03:40:44 prefetch.3.1.1:  SRA Normalized Format file is being retrieved
2025-11-12T03:40:44 prefetch.3.1.1:  Downloading via HTTPS...
2025-11-12T03:40:46 prefetch.3.1.1:  HTTPS download succeed
2025-11-12T03:40:47 prefetch.3.1.1:  'SRR14319916' is valid: 42354372 bytes were streamed from 42350143
2025-11-12T03:40:47 prefetch.3.1.1: 29) 'SRR14319916' was downloaded successfully
2025-11-12T03:40:47 prefetch.3.1.1: 'SRR14319916' has 0 unresolved dependencies
2025-11-12T03:40:47 prefetch.3.1.1: 30) Resolving 'SRR14319920'...
2025-11-12T03:40:51 prefetch.3.1.1: 30) Downloading 'SRR14319920'...
2025-11-12T03:40:51 prefetch.3.1.1:  SRA Normalized Format file is being retrieved
2025-11-12T03:40:51 prefetch.3.1.1:  Downloading via HTTPS...
2025-11-12T03:40:53 prefetch.3.1.1:  HTTPS download succeed
2025-11-12T03:40:53 prefetch.3.1.1:  'SRR14319920' is valid: 14793362 bytes were streamed from 14787135
2025-11-12T03:40:53 prefetch.3.1.1: 30) 'SRR14319920' was downloaded successfully
2025-11-12T03:40:53 prefetch.3.1.1: 'SRR14319920' has 0 unresolved dependencies
2025-11-12T03:40:53 prefetch.3.1.1: 31) Resolving 'SRR14319925'...
2025-11-12T03:40:53 prefetch.3.1.1: 31) Downloading 'SRR14319925'...
2025-11-12T03:40:53 prefetch.3.1.1:  SRA Normalized Format file is being retrieved
2025-11-12T03:40:53 prefetch.3.1.1:  Downloading via HTTPS...
2025-11-12T03:40:55 prefetch.3.1.1:  HTTPS download succeed
2025-11-12T03:40:55 prefetch.3.1.1:  'SRR14319925' is valid: 14212584 bytes were streamed from 14205503
2025-11-12T03:40:55 prefetch.3.1.1: 31) 'SRR14319925' was downloaded successfully
2025-11-12T03:40:55 prefetch.3.1.1: 'SRR14319925' has 0 unresolved dependencies
2025-11-12T03:40:55 prefetch.3.1.1: 32) Resolving 'SRR14319924'...
2025-11-12T03:40:56 prefetch.3.1.1: 32) Downloading 'SRR14319924'...
2025-11-12T03:40:56 prefetch.3.1.1:  SRA Normalized Format file is being retrieved
2025-11-12T03:40:56 prefetch.3.1.1:  Downloading via HTTPS...
2025-11-12T03:40:58 prefetch.3.1.1:  HTTPS download succeed
2025-11-12T03:40:58 prefetch.3.1.1:  'SRR14319924' is valid: 40735596 bytes were streamed from 40726047
2025-11-12T03:40:58 prefetch.3.1.1: 32) 'SRR14319924' was downloaded successfully
2025-11-12T03:40:58 prefetch.3.1.1: 'SRR14319924' has 0 unresolved dependencies
2025-11-12T03:40:58 prefetch.3.1.1: 33) Resolving 'SRR14319923'...
2025-11-12T03:40:59 prefetch.3.1.1: 33) Downloading 'SRR14319923'...
2025-11-12T03:40:59 prefetch.3.1.1:  SRA Normalized Format file is being retrieved
2025-11-12T03:40:59 prefetch.3.1.1:  Downloading via HTTPS...
2025-11-12T03:41:01 prefetch.3.1.1:  HTTPS download succeed
2025-11-12T03:41:01 prefetch.3.1.1:  'SRR14319923' is valid: 38465475 bytes were streamed from 38464521
2025-11-12T03:41:01 prefetch.3.1.1: 33) 'SRR14319923' was downloaded successfully
2025-11-12T03:41:01 prefetch.3.1.1: 'SRR14319923' has 0 unresolved dependencies
2025-11-12T03:41:01 prefetch.3.1.1: 34) Resolving 'SRR14319922'...
2025-11-12T03:41:02 prefetch.3.1.1: 34) Downloading 'SRR14319922'...
2025-11-12T03:41:02 prefetch.3.1.1:  SRA Normalized Format file is being retrieved
2025-11-12T03:41:02 prefetch.3.1.1:  Downloading via HTTPS...
2025-11-12T03:41:06 prefetch.3.1.1:  HTTPS download succeed
2025-11-12T03:41:07 prefetch.3.1.1:  'SRR14319922' is valid: 75193234 bytes were streamed from 75191871
2025-11-12T03:41:07 prefetch.3.1.1: 34) 'SRR14319922' was downloaded successfully
2025-11-12T03:41:07 prefetch.3.1.1: 'SRR14319922' has 0 unresolved dependencies
2025-11-12T03:41:07 prefetch.3.1.1: 35) Resolving 'SRR14319921'...
2025-11-12T03:41:12 prefetch.3.1.1: 35) Downloading 'SRR14319921'...
2025-11-12T03:41:12 prefetch.3.1.1:  SRA Normalized Format file is being retrieved
2025-11-12T03:41:12 prefetch.3.1.1:  Downloading via HTTPS...
2025-11-12T03:41:14 prefetch.3.1.1:  HTTPS download succeed
2025-11-12T03:41:14 prefetch.3.1.1:  'SRR14319921' is valid: 36836729 bytes were streamed from 36827679
2025-11-12T03:41:14 prefetch.3.1.1: 35) 'SRR14319921' was downloaded successfully
2025-11-12T03:41:14 prefetch.3.1.1: 'SRR14319921' has 0 unresolved dependencies
2025-11-12T03:41:14 prefetch.3.1.1: 36) Resolving 'SRR14319930'...
2025-11-12T03:41:15 prefetch.3.1.1: 36) Downloading 'SRR14319930'...
2025-11-12T03:41:15 prefetch.3.1.1:  SRA Normalized Format file is being retrieved
2025-11-12T03:41:15 prefetch.3.1.1:  Downloading via HTTPS...
2025-11-12T03:41:16 prefetch.3.1.1:  HTTPS download succeed
2025-11-12T03:41:16 prefetch.3.1.1:  'SRR14319930' is valid: 19062711 bytes were streamed from 19047999
2025-11-12T03:41:16 prefetch.3.1.1: 36) 'SRR14319930' was downloaded successfully
2025-11-12T03:41:16 prefetch.3.1.1: 'SRR14319930' has 0 unresolved dependencies
2025-11-12T03:41:16 prefetch.3.1.1: 37) Resolving 'SRR14319929'...
2025-11-12T03:41:21 prefetch.3.1.1: 37) Downloading 'SRR14319929'...
2025-11-12T03:41:21 prefetch.3.1.1:  SRA Normalized Format file is being retrieved
2025-11-12T03:41:21 prefetch.3.1.1:  Downloading via HTTPS...
2025-11-12T03:41:22 prefetch.3.1.1:  HTTPS download succeed
2025-11-12T03:41:22 prefetch.3.1.1:  'SRR14319929' is valid: 12138551 bytes were streamed from 12132927
2025-11-12T03:41:22 prefetch.3.1.1: 37) 'SRR14319929' was downloaded successfully
2025-11-12T03:41:22 prefetch.3.1.1: 'SRR14319929' has 0 unresolved dependencies
2025-11-12T03:41:22 prefetch.3.1.1: 38) Resolving 'SRR14319928'...
2025-11-12T03:41:23 prefetch.3.1.1: 38) Downloading 'SRR14319928'...
2025-11-12T03:41:23 prefetch.3.1.1:  SRA Normalized Format file is being retrieved
2025-11-12T03:41:23 prefetch.3.1.1:  Downloading via HTTPS...
2025-11-12T03:41:24 prefetch.3.1.1:  HTTPS download succeed
2025-11-12T03:41:24 prefetch.3.1.1:  'SRR14319928' is valid: 17184504 bytes were streamed from 17169951
2025-11-12T03:41:24 prefetch.3.1.1: 38) 'SRR14319928' was downloaded successfully
2025-11-12T03:41:24 prefetch.3.1.1: 'SRR14319928' has 0 unresolved dependencies
2025-11-12T03:41:24 prefetch.3.1.1: 39) Resolving 'SRR14319927'...
2025-11-12T03:41:25 prefetch.3.1.1: 39) Downloading 'SRR14319927'...
2025-11-12T03:41:25 prefetch.3.1.1:  SRA Normalized Format file is being retrieved
2025-11-12T03:41:25 prefetch.3.1.1:  Downloading via HTTPS...
2025-11-12T03:41:26 prefetch.3.1.1:  HTTPS download succeed
2025-11-12T03:41:26 prefetch.3.1.1:  'SRR14319927' is valid: 10083310 bytes were streamed from 10072607
2025-11-12T03:41:26 prefetch.3.1.1: 39) 'SRR14319927' was downloaded successfully
2025-11-12T03:41:26 prefetch.3.1.1: 'SRR14319927' has 0 unresolved dependencies
2025-11-12T03:41:26 prefetch.3.1.1: 40) Resolving 'SRR14319926'...
2025-11-12T03:41:31 prefetch.3.1.1: 40) Downloading 'SRR14319926'...
2025-11-12T03:41:31 prefetch.3.1.1:  SRA Normalized Format file is being retrieved
2025-11-12T03:41:31 prefetch.3.1.1:  Downloading via HTTPS...
2025-11-12T03:41:33 prefetch.3.1.1:  HTTPS download succeed
2025-11-12T03:41:33 prefetch.3.1.1:  'SRR14319926' is valid: 30045496 bytes were streamed from 30042687
2025-11-12T03:41:33 prefetch.3.1.1: 40) 'SRR14319926' was downloaded successfully
2025-11-12T03:41:33 prefetch.3.1.1: 'SRR14319926' has 0 unresolved dependencies
2025-11-12T03:41:33 prefetch.3.1.1: 41) Resolving 'SRR14319935'...
2025-11-12T03:41:38 prefetch.3.1.1: 41) Downloading 'SRR14319935'...
2025-11-12T03:41:38 prefetch.3.1.1:  SRA Normalized Format file is being retrieved
2025-11-12T03:41:38 prefetch.3.1.1:  Downloading via HTTPS...
2025-11-12T03:41:40 prefetch.3.1.1:  HTTPS download succeed
2025-11-12T03:41:40 prefetch.3.1.1:  'SRR14319935' is valid: 42418043 bytes were streamed from 42411563
2025-11-12T03:41:40 prefetch.3.1.1: 41) 'SRR14319935' was downloaded successfully
2025-11-12T03:41:40 prefetch.3.1.1: 'SRR14319935' has 0 unresolved dependencies
2025-11-12T03:41:40 prefetch.3.1.1: 42) Resolving 'SRR14319934'...
2025-11-12T03:41:45 prefetch.3.1.1: 42) Downloading 'SRR14319934'...
2025-11-12T03:41:45 prefetch.3.1.1:  SRA Normalized Format file is being retrieved
2025-11-12T03:41:45 prefetch.3.1.1:  Downloading via HTTPS...
2025-11-12T03:41:47 prefetch.3.1.1:  HTTPS download succeed
2025-11-12T03:41:47 prefetch.3.1.1:  'SRR14319934' is valid: 41084355 bytes were streamed from 41079327
2025-11-12T03:41:47 prefetch.3.1.1: 42) 'SRR14319934' was downloaded successfully
2025-11-12T03:41:47 prefetch.3.1.1: 'SRR14319934' has 0 unresolved dependencies
2025-11-12T03:41:47 prefetch.3.1.1: 43) Resolving 'SRR14319933'...
2025-11-12T03:41:48 prefetch.3.1.1: 43) Downloading 'SRR14319933'...
2025-11-12T03:41:48 prefetch.3.1.1:  SRA Normalized Format file is being retrieved
2025-11-12T03:41:48 prefetch.3.1.1:  Downloading via HTTPS...
2025-11-12T03:41:50 prefetch.3.1.1:  HTTPS download succeed
2025-11-12T03:41:51 prefetch.3.1.1:  'SRR14319933' is valid: 43791063 bytes were streamed from 43789887
2025-11-12T03:41:51 prefetch.3.1.1: 43) 'SRR14319933' was downloaded successfully
2025-11-12T03:41:51 prefetch.3.1.1: 'SRR14319933' has 0 unresolved dependencies
2025-11-12T03:41:51 prefetch.3.1.1: 44) Resolving 'SRR14319932'...
2025-11-12T03:41:55 prefetch.3.1.1: 44) Downloading 'SRR14319932'...
2025-11-12T03:41:55 prefetch.3.1.1:  SRA Normalized Format file is being retrieved
2025-11-12T03:41:55 prefetch.3.1.1:  Downloading via HTTPS...
2025-11-12T03:41:58 prefetch.3.1.1:  HTTPS download succeed
2025-11-12T03:41:58 prefetch.3.1.1:  'SRR14319932' is valid: 42583937 bytes were streamed from 42578495
2025-11-12T03:41:58 prefetch.3.1.1: 44) 'SRR14319932' was downloaded successfully
2025-11-12T03:41:58 prefetch.3.1.1: 'SRR14319932' has 0 unresolved dependencies
2025-11-12T03:41:58 prefetch.3.1.1: 45) Resolving 'SRR14319931'...
2025-11-12T03:42:03 prefetch.3.1.1: 45) Downloading 'SRR14319931'...
2025-11-12T03:42:03 prefetch.3.1.1:  SRA Normalized Format file is being retrieved
2025-11-12T03:42:03 prefetch.3.1.1:  Downloading via HTTPS...
2025-11-12T03:42:05 prefetch.3.1.1:  HTTPS download succeed
2025-11-12T03:42:05 prefetch.3.1.1:  'SRR14319931' is valid: 34630875 bytes were streamed from 34615871
2025-11-12T03:42:05 prefetch.3.1.1: 45) 'SRR14319931' was downloaded successfully
2025-11-12T03:42:05 prefetch.3.1.1: 'SRR14319931' has 0 unresolved dependencies
2025-11-12T03:42:05 prefetch.3.1.1: 46) Resolving 'SRR14319936'...
2025-11-12T03:42:06 prefetch.3.1.1: 46) Downloading 'SRR14319936'...
2025-11-12T03:42:06 prefetch.3.1.1:  SRA Normalized Format file is being retrieved
2025-11-12T03:42:06 prefetch.3.1.1:  Downloading via HTTPS...
2025-11-12T03:42:07 prefetch.3.1.1:  HTTPS download succeed
2025-11-12T03:42:07 prefetch.3.1.1:  'SRR14319936' is valid: 20918237 bytes were streamed from 20907563
2025-11-12T03:42:07 prefetch.3.1.1: 46) 'SRR14319936' was downloaded successfully
2025-11-12T03:42:07 prefetch.3.1.1: 'SRR14319936' has 0 unresolved dependencies
2025-11-12T03:42:07 prefetch.3.1.1: 47) Resolving 'SRR14319940'...
2025-11-12T03:42:12 prefetch.3.1.1: 47) Downloading 'SRR14319940'...
2025-11-12T03:42:12 prefetch.3.1.1:  SRA Normalized Format file is being retrieved
2025-11-12T03:42:12 prefetch.3.1.1:  Downloading via HTTPS...
2025-11-12T03:42:13 prefetch.3.1.1:  HTTPS download succeed
2025-11-12T03:42:14 prefetch.3.1.1:  'SRR14319940' is valid: 21646813 bytes were streamed from 21634591
2025-11-12T03:42:14 prefetch.3.1.1: 47) 'SRR14319940' was downloaded successfully
2025-11-12T03:42:14 prefetch.3.1.1: 'SRR14319940' has 0 unresolved dependencies
2025-11-12T03:42:14 prefetch.3.1.1: 48) Resolving 'SRR14319939'...
2025-11-12T03:42:14 prefetch.3.1.1: 48) Downloading 'SRR14319939'...
2025-11-12T03:42:14 prefetch.3.1.1:  SRA Normalized Format file is being retrieved
2025-11-12T03:42:14 prefetch.3.1.1:  Downloading via HTTPS...
2025-11-12T03:42:17 prefetch.3.1.1:  HTTPS download succeed
2025-11-12T03:42:17 prefetch.3.1.1:  'SRR14319939' is valid: 49072780 bytes were streamed from 49061419
2025-11-12T03:42:17 prefetch.3.1.1: 48) 'SRR14319939' was downloaded successfully
2025-11-12T03:42:17 prefetch.3.1.1: 'SRR14319939' has 0 unresolved dependencies
2025-11-12T03:42:17 prefetch.3.1.1: 49) Resolving 'SRR14319938'...
2025-11-12T03:42:22 prefetch.3.1.1: 49) Downloading 'SRR14319938'...
2025-11-12T03:42:22 prefetch.3.1.1:  SRA Normalized Format file is being retrieved
2025-11-12T03:42:22 prefetch.3.1.1:  Downloading via HTTPS...
2025-11-12T03:42:25 prefetch.3.1.1:  HTTPS download succeed
2025-11-12T03:42:26 prefetch.3.1.1:  'SRR14319938' is valid: 57216237 bytes were streamed from 57201215
2025-11-12T03:42:26 prefetch.3.1.1: 49) 'SRR14319938' was downloaded successfully
2025-11-12T03:42:26 prefetch.3.1.1: 'SRR14319938' has 0 unresolved dependencies
2025-11-12T03:42:26 prefetch.3.1.1: 50) Resolving 'SRR14319937'...
2025-11-12T03:42:30 prefetch.3.1.1: 50) Downloading 'SRR14319937'...
2025-11-12T03:42:30 prefetch.3.1.1:  SRA Normalized Format file is being retrieved
2025-11-12T03:42:30 prefetch.3.1.1:  Downloading via HTTPS...
2025-11-12T03:42:32 prefetch.3.1.1:  HTTPS download succeed
2025-11-12T03:42:32 prefetch.3.1.1:  'SRR14319937' is valid: 13033223 bytes were streamed from 13021759
2025-11-12T03:42:32 prefetch.3.1.1: 50) 'SRR14319937' was downloaded successfully
2025-11-12T03:42:32 prefetch.3.1.1: 'SRR14319937' has 0 unresolved dependencies
2025-11-12T03:42:32 prefetch.3.1.1: 51) Resolving 'SRR14319945'...
2025-11-12T03:42:38 prefetch.3.1.1: 51) Downloading 'SRR14319945'...
2025-11-12T03:42:38 prefetch.3.1.1:  SRA Normalized Format file is being retrieved
2025-11-12T03:42:38 prefetch.3.1.1:  Downloading via HTTPS...
2025-11-12T03:42:40 prefetch.3.1.1:  HTTPS download succeed
2025-11-12T03:42:40 prefetch.3.1.1:  'SRR14319945' is valid: 41841293 bytes were streamed from 41840191
2025-11-12T03:42:40 prefetch.3.1.1: 51) 'SRR14319945' was downloaded successfully
2025-11-12T03:42:40 prefetch.3.1.1: 'SRR14319945' has 0 unresolved dependencies
2025-11-12T03:42:40 prefetch.3.1.1: 52) Resolving 'SRR14319944'...
2025-11-12T03:42:41 prefetch.3.1.1: 52) Downloading 'SRR14319944'...
2025-11-12T03:42:41 prefetch.3.1.1:  SRA Normalized Format file is being retrieved
2025-11-12T03:42:41 prefetch.3.1.1:  Downloading via HTTPS...
2025-11-12T03:42:42 prefetch.3.1.1:  HTTPS download succeed
2025-11-12T03:42:43 prefetch.3.1.1:  'SRR14319944' is valid: 19756435 bytes were streamed from 19744287
2025-11-12T03:42:43 prefetch.3.1.1: 52) 'SRR14319944' was downloaded successfully
2025-11-12T03:42:43 prefetch.3.1.1: 'SRR14319944' has 0 unresolved dependencies
2025-11-12T03:42:43 prefetch.3.1.1: 53) Resolving 'SRR14319943'...
2025-11-12T03:42:43 prefetch.3.1.1: 53) Downloading 'SRR14319943'...
2025-11-12T03:42:43 prefetch.3.1.1:  SRA Normalized Format file is being retrieved
2025-11-12T03:42:43 prefetch.3.1.1:  Downloading via HTTPS...
2025-11-12T03:42:44 prefetch.3.1.1:  HTTPS download succeed
2025-11-12T03:42:45 prefetch.3.1.1:  'SRR14319943' is valid: 14787390 bytes were streamed from 14776863
2025-11-12T03:42:45 prefetch.3.1.1: 53) 'SRR14319943' was downloaded successfully
2025-11-12T03:42:45 prefetch.3.1.1: 'SRR14319943' has 0 unresolved dependencies
2025-11-12T03:42:45 prefetch.3.1.1: 54) Resolving 'SRR14319942'...
2025-11-12T03:42:45 prefetch.3.1.1: 54) Downloading 'SRR14319942'...
2025-11-12T03:42:45 prefetch.3.1.1:  SRA Normalized Format file is being retrieved
2025-11-12T03:42:45 prefetch.3.1.1:  Downloading via HTTPS...
2025-11-12T03:42:47 prefetch.3.1.1:  HTTPS download succeed
2025-11-12T03:42:48 prefetch.3.1.1:  'SRR14319942' is valid: 45424968 bytes were streamed from 45419039
2025-11-12T03:42:48 prefetch.3.1.1: 54) 'SRR14319942' was downloaded successfully
2025-11-12T03:42:48 prefetch.3.1.1: 'SRR14319942' has 0 unresolved dependencies
2025-11-12T03:42:48 prefetch.3.1.1: 55) Resolving 'SRR14319941'...
2025-11-12T03:42:52 prefetch.3.1.1: 55) Downloading 'SRR14319941'...
2025-11-12T03:42:52 prefetch.3.1.1:  SRA Normalized Format file is being retrieved
2025-11-12T03:42:52 prefetch.3.1.1:  Downloading via HTTPS...
2025-11-12T03:42:54 prefetch.3.1.1:  HTTPS download succeed
2025-11-12T03:42:55 prefetch.3.1.1:  'SRR14319941' is valid: 42674256 bytes were streamed from 42671679
2025-11-12T03:42:55 prefetch.3.1.1: 55) 'SRR14319941' was downloaded successfully
2025-11-12T03:42:55 prefetch.3.1.1: 'SRR14319941' has 0 unresolved dependencies
2025-11-12T03:42:55 prefetch.3.1.1: 56) Resolving 'SRR14319947'...
2025-11-12T03:42:55 prefetch.3.1.1: 56) Downloading 'SRR14319947'...
2025-11-12T03:42:55 prefetch.3.1.1:  SRA Normalized Format file is being retrieved
2025-11-12T03:42:55 prefetch.3.1.1:  Downloading via HTTPS...
2025-11-12T03:42:56 prefetch.3.1.1:  HTTPS download succeed
2025-11-12T03:42:57 prefetch.3.1.1:  'SRR14319947' is valid: 14677312 bytes were streamed from 14673471
2025-11-12T03:42:57 prefetch.3.1.1: 56) 'SRR14319947' was downloaded successfully
2025-11-12T03:42:57 prefetch.3.1.1: 'SRR14319947' has 0 unresolved dependencies
2025-11-12T03:42:57 prefetch.3.1.1: 57) Resolving 'SRR14319950'...
2025-11-12T03:43:01 prefetch.3.1.1: 57) Downloading 'SRR14319950'...
2025-11-12T03:43:01 prefetch.3.1.1:  SRA Normalized Format file is being retrieved
2025-11-12T03:43:01 prefetch.3.1.1:  Downloading via HTTPS...
2025-11-12T03:43:03 prefetch.3.1.1:  HTTPS download succeed
2025-11-12T03:43:03 prefetch.3.1.1:  'SRR14319950' is valid: 25589085 bytes were streamed from 25580095
2025-11-12T03:43:03 prefetch.3.1.1: 57) 'SRR14319950' was downloaded successfully
2025-11-12T03:43:03 prefetch.3.1.1: 'SRR14319950' has 0 unresolved dependencies
2025-11-12T03:43:03 prefetch.3.1.1: 58) Resolving 'SRR14319949'...
2025-11-12T03:43:04 prefetch.3.1.1: 58) Downloading 'SRR14319949'...
2025-11-12T03:43:04 prefetch.3.1.1:  SRA Normalized Format file is being retrieved
2025-11-12T03:43:04 prefetch.3.1.1:  Downloading via HTTPS...
2025-11-12T03:43:06 prefetch.3.1.1:  HTTPS download succeed
2025-11-12T03:43:06 prefetch.3.1.1:  'SRR14319949' is valid: 43253342 bytes were streamed from 43238975
2025-11-12T03:43:06 prefetch.3.1.1: 58) 'SRR14319949' was downloaded successfully
2025-11-12T03:43:06 prefetch.3.1.1: 'SRR14319949' has 0 unresolved dependencies
2025-11-12T03:43:06 prefetch.3.1.1: 59) Resolving 'SRR14319948'...
2025-11-12T03:43:07 prefetch.3.1.1: 59) Downloading 'SRR14319948'...
2025-11-12T03:43:07 prefetch.3.1.1:  SRA Normalized Format file is being retrieved
2025-11-12T03:43:07 prefetch.3.1.1:  Downloading via HTTPS...
2025-11-12T03:43:09 prefetch.3.1.1:  HTTPS download succeed
2025-11-12T03:43:09 prefetch.3.1.1:  'SRR14319948' is valid: 45663709 bytes were streamed from 45657643
2025-11-12T03:43:09 prefetch.3.1.1: 59) 'SRR14319948' was downloaded successfully
2025-11-12T03:43:09 prefetch.3.1.1: 'SRR14319948' has 0 unresolved dependencies
2025-11-12T03:43:09 prefetch.3.1.1: 60) Resolving 'SRR14319946'...
2025-11-12T03:43:14 prefetch.3.1.1: 60) Downloading 'SRR14319946'...
2025-11-12T03:43:14 prefetch.3.1.1:  SRA Normalized Format file is being retrieved
2025-11-12T03:43:14 prefetch.3.1.1:  Downloading via HTTPS...
2025-11-12T03:43:16 prefetch.3.1.1:  HTTPS download succeed
2025-11-12T03:43:17 prefetch.3.1.1:  'SRR14319946' is valid: 42879173 bytes were streamed from 42872363
2025-11-12T03:43:17 prefetch.3.1.1: 60) 'SRR14319946' was downloaded successfully
2025-11-12T03:43:17 prefetch.3.1.1: 'SRR14319946' has 0 unresolved dependencies
2025-11-12T03:43:17 prefetch.3.1.1: 61) Resolving 'SRR14319955'...
2025-11-12T03:43:21 prefetch.3.1.1: 61) Downloading 'SRR14319955'...
2025-11-12T03:43:21 prefetch.3.1.1:  SRA Normalized Format file is being retrieved
2025-11-12T03:43:21 prefetch.3.1.1:  Downloading via HTTPS...
2025-11-12T03:43:23 prefetch.3.1.1:  HTTPS download succeed
2025-11-12T03:43:23 prefetch.3.1.1:  'SRR14319955' is valid: 17842191 bytes were streamed from 17826335
2025-11-12T03:43:23 prefetch.3.1.1: 61) 'SRR14319955' was downloaded successfully
2025-11-12T03:43:23 prefetch.3.1.1: 'SRR14319955' has 0 unresolved dependencies
2025-11-12T03:43:23 prefetch.3.1.1: 62) Resolving 'SRR14319954'...
2025-11-12T03:43:28 prefetch.3.1.1: 62) Downloading 'SRR14319954'...
2025-11-12T03:43:28 prefetch.3.1.1:  SRA Normalized Format file is being retrieved
2025-11-12T03:43:28 prefetch.3.1.1:  Downloading via HTTPS...
2025-11-12T03:43:30 prefetch.3.1.1:  HTTPS download succeed
2025-11-12T03:43:30 prefetch.3.1.1:  'SRR14319954' is valid: 35589812 bytes were streamed from 35583551
2025-11-12T03:43:30 prefetch.3.1.1: 62) 'SRR14319954' was downloaded successfully
2025-11-12T03:43:30 prefetch.3.1.1: 'SRR14319954' has 0 unresolved dependencies
2025-11-12T03:43:30 prefetch.3.1.1: 63) Resolving 'SRR14319953'...
2025-11-12T03:43:31 prefetch.3.1.1: 63) Downloading 'SRR14319953'...
2025-11-12T03:43:31 prefetch.3.1.1:  SRA Normalized Format file is being retrieved
2025-11-12T03:43:31 prefetch.3.1.1:  Downloading via HTTPS...
2025-11-12T03:43:33 prefetch.3.1.1:  HTTPS download succeed
2025-11-12T03:43:34 prefetch.3.1.1:  'SRR14319953' is valid: 53429213 bytes were streamed from 53421631
2025-11-12T03:43:34 prefetch.3.1.1: 63) 'SRR14319953' was downloaded successfully
2025-11-12T03:43:34 prefetch.3.1.1: 'SRR14319953' has 0 unresolved dependencies
2025-11-12T03:43:34 prefetch.3.1.1: 64) Resolving 'SRR14319952'...
2025-11-12T03:43:38 prefetch.3.1.1: 64) Downloading 'SRR14319952'...
2025-11-12T03:43:38 prefetch.3.1.1:  SRA Normalized Format file is being retrieved
2025-11-12T03:43:38 prefetch.3.1.1:  Downloading via HTTPS...
2025-11-12T03:43:40 prefetch.3.1.1:  HTTPS download succeed
2025-11-12T03:43:41 prefetch.3.1.1:  'SRR14319952' is valid: 31926165 bytes were streamed from 31911487
2025-11-12T03:43:41 prefetch.3.1.1: 64) 'SRR14319952' was downloaded successfully
2025-11-12T03:43:41 prefetch.3.1.1: 'SRR14319952' has 0 unresolved dependencies
2025-11-12T03:43:41 prefetch.3.1.1: 65) Resolving 'SRR14319951'...
2025-11-12T03:43:41 prefetch.3.1.1: 65) Downloading 'SRR14319951'...
2025-11-12T03:43:41 prefetch.3.1.1:  SRA Normalized Format file is being retrieved
2025-11-12T03:43:41 prefetch.3.1.1:  Downloading via HTTPS...
2025-11-12T03:43:43 prefetch.3.1.1:  HTTPS download succeed
2025-11-12T03:43:43 prefetch.3.1.1:  'SRR14319951' is valid: 35819321 bytes were streamed from 35813951
2025-11-12T03:43:43 prefetch.3.1.1: 65) 'SRR14319951' was downloaded successfully
2025-11-12T03:43:43 prefetch.3.1.1: 'SRR14319951' has 0 unresolved dependencies
2025-11-12T03:43:43 prefetch.3.1.1: 66) Resolving 'SRR14319958'...
2025-11-12T03:43:44 prefetch.3.1.1: 66) Downloading 'SRR14319958'...
2025-11-12T03:43:44 prefetch.3.1.1:  SRA Normalized Format file is being retrieved
2025-11-12T03:43:44 prefetch.3.1.1:  Downloading via HTTPS...
2025-11-12T03:43:45 prefetch.3.1.1:  HTTPS download succeed
2025-11-12T03:43:45 prefetch.3.1.1:  'SRR14319958' is valid: 13558715 bytes were streamed from 13542955
2025-11-12T03:43:45 prefetch.3.1.1: 66) 'SRR14319958' was downloaded successfully
2025-11-12T03:43:45 prefetch.3.1.1: 'SRR14319958' has 0 unresolved dependencies
2025-11-12T03:43:45 prefetch.3.1.1: 67) Resolving 'SRR14319960'...
2025-11-12T03:43:50 prefetch.3.1.1: 67) Downloading 'SRR14319960'...
2025-11-12T03:43:50 prefetch.3.1.1:  SRA Normalized Format file is being retrieved
2025-11-12T03:43:50 prefetch.3.1.1:  Downloading via HTTPS...
2025-11-12T03:43:52 prefetch.3.1.1:  HTTPS download succeed
2025-11-12T03:43:52 prefetch.3.1.1:  'SRR14319960' is valid: 30792216 bytes were streamed from 30781983
2025-11-12T03:43:52 prefetch.3.1.1: 67) 'SRR14319960' was downloaded successfully
2025-11-12T03:43:52 prefetch.3.1.1: 'SRR14319960' has 0 unresolved dependencies
2025-11-12T03:43:52 prefetch.3.1.1: 68) Resolving 'SRR14319959'...
2025-11-12T03:43:53 prefetch.3.1.1: 68) Downloading 'SRR14319959'...
2025-11-12T03:43:53 prefetch.3.1.1:  SRA Normalized Format file is being retrieved
2025-11-12T03:43:53 prefetch.3.1.1:  Downloading via HTTPS...
2025-11-12T03:43:55 prefetch.3.1.1:  HTTPS download succeed
2025-11-12T03:43:55 prefetch.3.1.1:  'SRR14319959' is valid: 35661181 bytes were streamed from 35656223
2025-11-12T03:43:55 prefetch.3.1.1: 68) 'SRR14319959' was downloaded successfully
2025-11-12T03:43:55 prefetch.3.1.1: 'SRR14319959' has 0 unresolved dependencies
2025-11-12T03:43:55 prefetch.3.1.1: 69) Resolving 'SRR14319957'...
2025-11-12T03:44:00 prefetch.3.1.1: 69) Downloading 'SRR14319957'...
2025-11-12T03:44:00 prefetch.3.1.1:  SRA Normalized Format file is being retrieved
2025-11-12T03:44:00 prefetch.3.1.1:  Downloading via HTTPS...
2025-11-12T03:44:02 prefetch.3.1.1:  HTTPS download succeed
2025-11-12T03:44:02 prefetch.3.1.1:  'SRR14319957' is valid: 30458902 bytes were streamed from 30448191
2025-11-12T03:44:02 prefetch.3.1.1: 69) 'SRR14319957' was downloaded successfully
2025-11-12T03:44:02 prefetch.3.1.1: 'SRR14319957' has 0 unresolved dependencies
2025-11-12T03:44:02 prefetch.3.1.1: 70) Resolving 'SRR14319956'...
2025-11-12T03:44:07 prefetch.3.1.1: 70) Downloading 'SRR14319956'...
2025-11-12T03:44:07 prefetch.3.1.1:  SRA Normalized Format file is being retrieved
2025-11-12T03:44:07 prefetch.3.1.1:  Downloading via HTTPS...
2025-11-12T03:44:08 prefetch.3.1.1:  HTTPS download succeed
2025-11-12T03:44:08 prefetch.3.1.1:  'SRR14319956' is valid: 22345602 bytes were streamed from 22336063
2025-11-12T03:44:08 prefetch.3.1.1: 70) 'SRR14319956' was downloaded successfully
2025-11-12T03:44:08 prefetch.3.1.1: 'SRR14319956' has 0 unresolved dependencies
2025-11-12T03:44:08 prefetch.3.1.1: 71) Resolving 'SRR14319965'...
2025-11-12T03:44:09 prefetch.3.1.1: 71) Downloading 'SRR14319965'...
2025-11-12T03:44:09 prefetch.3.1.1:  SRA Normalized Format file is being retrieved
2025-11-12T03:44:09 prefetch.3.1.1:  Downloading via HTTPS...
2025-11-12T03:44:10 prefetch.3.1.1:  HTTPS download succeed
2025-11-12T03:44:10 prefetch.3.1.1:  'SRR14319965' is valid: 17656876 bytes were streamed from 17643039
2025-11-12T03:44:10 prefetch.3.1.1: 71) 'SRR14319965' was downloaded successfully
2025-11-12T03:44:11 prefetch.3.1.1: 'SRR14319965' has 0 unresolved dependencies
2025-11-12T03:44:11 prefetch.3.1.1: 72) Resolving 'SRR14319964'...
2025-11-12T03:44:11 prefetch.3.1.1: 72) Downloading 'SRR14319964'...
2025-11-12T03:44:11 prefetch.3.1.1:  SRA Normalized Format file is being retrieved
2025-11-12T03:44:11 prefetch.3.1.1:  Downloading via HTTPS...
2025-11-12T03:44:13 prefetch.3.1.1:  HTTPS download succeed
2025-11-12T03:44:13 prefetch.3.1.1:  'SRR14319964' is valid: 18458049 bytes were streamed from 18455103
2025-11-12T03:44:13 prefetch.3.1.1: 72) 'SRR14319964' was downloaded successfully
2025-11-12T03:44:13 prefetch.3.1.1: 'SRR14319964' has 0 unresolved dependencies
2025-11-12T03:44:13 prefetch.3.1.1: 73) Resolving 'SRR14319963'...
2025-11-12T03:44:14 prefetch.3.1.1: 73) Downloading 'SRR14319963'...
2025-11-12T03:44:14 prefetch.3.1.1:  SRA Normalized Format file is being retrieved
2025-11-12T03:44:14 prefetch.3.1.1:  Downloading via HTTPS...
2025-11-12T03:44:16 prefetch.3.1.1:  HTTPS download succeed
2025-11-12T03:44:16 prefetch.3.1.1:  'SRR14319963' is valid: 38739709 bytes were streamed from 38738495
2025-11-12T03:44:16 prefetch.3.1.1: 73) 'SRR14319963' was downloaded successfully
2025-11-12T03:44:16 prefetch.3.1.1: 'SRR14319963' has 0 unresolved dependencies
2025-11-12T03:44:16 prefetch.3.1.1: 74) Resolving 'SRR14319962'...
2025-11-12T03:44:21 prefetch.3.1.1: 74) Downloading 'SRR14319962'...
2025-11-12T03:44:21 prefetch.3.1.1:  SRA Normalized Format file is being retrieved
2025-11-12T03:44:21 prefetch.3.1.1:  Downloading via HTTPS...
2025-11-12T03:44:24 prefetch.3.1.1:  HTTPS download succeed
2025-11-12T03:44:25 prefetch.3.1.1:  'SRR14319962' is valid: 84369027 bytes were streamed from 84368958
2025-11-12T03:44:25 prefetch.3.1.1: 74) 'SRR14319962' was downloaded successfully
2025-11-12T03:44:25 prefetch.3.1.1: 'SRR14319962' has 0 unresolved dependencies
2025-11-12T03:44:25 prefetch.3.1.1: 75) Resolving 'SRR14319961'...
2025-11-12T03:44:26 prefetch.3.1.1: 75) Downloading 'SRR14319961'...
2025-11-12T03:44:26 prefetch.3.1.1:  SRA Normalized Format file is being retrieved
2025-11-12T03:44:26 prefetch.3.1.1:  Downloading via HTTPS...
2025-11-12T03:44:28 prefetch.3.1.1:  HTTPS download succeed
2025-11-12T03:44:29 prefetch.3.1.1:  'SRR14319961' is valid: 38560886 bytes were streamed from 38547999
2025-11-12T03:44:29 prefetch.3.1.1: 75) 'SRR14319961' was downloaded successfully
2025-11-12T03:44:29 prefetch.3.1.1: 'SRR14319961' has 0 unresolved dependencies
2025-11-12T03:44:29 prefetch.3.1.1: 76) Resolving 'SRR14319969'...
2025-11-12T03:44:33 prefetch.3.1.1: 76) Downloading 'SRR14319969'...
2025-11-12T03:44:33 prefetch.3.1.1:  SRA Normalized Format file is being retrieved
2025-11-12T03:44:33 prefetch.3.1.1:  Downloading via HTTPS...
2025-11-12T03:44:35 prefetch.3.1.1:  HTTPS download succeed
2025-11-12T03:44:35 prefetch.3.1.1:  'SRR14319969' is valid: 24905950 bytes were streamed from 24890923
2025-11-12T03:44:35 prefetch.3.1.1: 76) 'SRR14319969' was downloaded successfully
2025-11-12T03:44:35 prefetch.3.1.1: 'SRR14319969' has 0 unresolved dependencies
2025-11-12T03:44:35 prefetch.3.1.1: 77) Resolving 'SRR14319970'...
2025-11-12T03:44:36 prefetch.3.1.1: 77) Downloading 'SRR14319970'...
2025-11-12T03:44:36 prefetch.3.1.1:  SRA Normalized Format file is being retrieved
2025-11-12T03:44:36 prefetch.3.1.1:  Downloading via HTTPS...
2025-11-12T03:44:38 prefetch.3.1.1:  HTTPS download succeed
2025-11-12T03:44:38 prefetch.3.1.1:  'SRR14319970' is valid: 36047020 bytes were streamed from 36042283
2025-11-12T03:44:38 prefetch.3.1.1: 77) 'SRR14319970' was downloaded successfully
2025-11-12T03:44:38 prefetch.3.1.1: 'SRR14319970' has 0 unresolved dependencies
2025-11-12T03:44:38 prefetch.3.1.1: 78) Resolving 'SRR14319968'...
2025-11-12T03:44:43 prefetch.3.1.1: 78) Downloading 'SRR14319968'...
2025-11-12T03:44:43 prefetch.3.1.1:  SRA Normalized Format file is being retrieved
2025-11-12T03:44:43 prefetch.3.1.1:  Downloading via HTTPS...
2025-11-12T03:44:44 prefetch.3.1.1:  HTTPS download succeed
2025-11-12T03:44:44 prefetch.3.1.1:  'SRR14319968' is valid: 15875643 bytes were streamed from 15862323
2025-11-12T03:44:44 prefetch.3.1.1: 78) 'SRR14319968' was downloaded successfully
2025-11-12T03:44:44 prefetch.3.1.1: 'SRR14319968' has 0 unresolved dependencies
2025-11-12T03:44:44 prefetch.3.1.1: 79) Resolving 'SRR14319967'...
2025-11-12T03:44:49 prefetch.3.1.1: 79) Downloading 'SRR14319967'...
2025-11-12T03:44:49 prefetch.3.1.1:  SRA Normalized Format file is being retrieved
2025-11-12T03:44:49 prefetch.3.1.1:  Downloading via HTTPS...
2025-11-12T03:44:50 prefetch.3.1.1:  HTTPS download succeed
2025-11-12T03:44:51 prefetch.3.1.1:  'SRR14319967' is valid: 18146701 bytes were streamed from 18135615
2025-11-12T03:44:51 prefetch.3.1.1: 79) 'SRR14319967' was downloaded successfully
2025-11-12T03:44:51 prefetch.3.1.1: 'SRR14319967' has 0 unresolved dependencies
2025-11-12T03:44:51 prefetch.3.1.1: 80) Resolving 'SRR14319966'...
2025-11-12T03:44:55 prefetch.3.1.1: 80) Downloading 'SRR14319966'...
2025-11-12T03:44:55 prefetch.3.1.1:  SRA Normalized Format file is being retrieved
2025-11-12T03:44:55 prefetch.3.1.1:  Downloading via HTTPS...
2025-11-12T03:44:57 prefetch.3.1.1:  HTTPS download succeed
2025-11-12T03:44:58 prefetch.3.1.1:  'SRR14319966' is valid: 53927994 bytes were streamed from 53927487
2025-11-12T03:44:58 prefetch.3.1.1: 80) 'SRR14319966' was downloaded successfully
2025-11-12T03:44:58 prefetch.3.1.1: 'SRR14319966' has 0 unresolved dependencies
2025-11-12T03:44:58 prefetch.3.1.1: 81) Resolving 'SRR14319975'...
2025-11-12T03:45:02 prefetch.3.1.1: 81) Downloading 'SRR14319975'...
2025-11-12T03:45:02 prefetch.3.1.1:  SRA Normalized Format file is being retrieved
2025-11-12T03:45:02 prefetch.3.1.1:  Downloading via HTTPS...
2025-11-12T03:45:05 prefetch.3.1.1:  HTTPS download succeed
2025-11-12T03:45:05 prefetch.3.1.1:  'SRR14319975' is valid: 39731826 bytes were streamed from 39720511
2025-11-12T03:45:05 prefetch.3.1.1: 81) 'SRR14319975' was downloaded successfully
2025-11-12T03:45:05 prefetch.3.1.1: 'SRR14319975' has 0 unresolved dependencies
2025-11-12T03:45:05 prefetch.3.1.1: 82) Resolving 'SRR14319974'...
2025-11-12T03:45:10 prefetch.3.1.1: 82) Downloading 'SRR14319974'...
2025-11-12T03:45:10 prefetch.3.1.1:  SRA Normalized Format file is being retrieved
2025-11-12T03:45:10 prefetch.3.1.1:  Downloading via HTTPS...
2025-11-12T03:45:11 prefetch.3.1.1:  HTTPS download succeed
2025-11-12T03:45:11 prefetch.3.1.1:  'SRR14319974' is valid: 17884768 bytes were streamed from 17877547
2025-11-12T03:45:11 prefetch.3.1.1: 82) 'SRR14319974' was downloaded successfully
2025-11-12T03:45:11 prefetch.3.1.1: 'SRR14319974' has 0 unresolved dependencies
2025-11-12T03:45:11 prefetch.3.1.1: 83) Resolving 'SRR14319973'...
2025-11-12T03:45:16 prefetch.3.1.1: 83) Downloading 'SRR14319973'...
2025-11-12T03:45:16 prefetch.3.1.1:  SRA Normalized Format file is being retrieved
2025-11-12T03:45:16 prefetch.3.1.1:  Downloading via HTTPS...
2025-11-12T03:45:18 prefetch.3.1.1:  HTTPS download succeed
2025-11-12T03:45:19 prefetch.3.1.1:  'SRR14319973' is valid: 38840244 bytes were streamed from 38830655
2025-11-12T03:45:19 prefetch.3.1.1: 83) 'SRR14319973' was downloaded successfully
2025-11-12T03:45:19 prefetch.3.1.1: 'SRR14319973' has 0 unresolved dependencies
2025-11-12T03:45:19 prefetch.3.1.1: 84) Resolving 'SRR14319972'...
2025-11-12T03:45:23 prefetch.3.1.1: 84) Downloading 'SRR14319972'...
2025-11-12T03:45:23 prefetch.3.1.1:  SRA Normalized Format file is being retrieved
2025-11-12T03:45:23 prefetch.3.1.1:  Downloading via HTTPS...
2025-11-12T03:45:24 prefetch.3.1.1:  HTTPS download succeed
2025-11-12T03:45:25 prefetch.3.1.1:  'SRR14319972' is valid: 13679840 bytes were streamed from 13671979
2025-11-12T03:45:25 prefetch.3.1.1: 84) 'SRR14319972' was downloaded successfully
2025-11-12T03:45:25 prefetch.3.1.1: 'SRR14319972' has 0 unresolved dependencies
2025-11-12T03:45:25 prefetch.3.1.1: 85) Resolving 'SRR14319971'...
2025-11-12T03:45:25 prefetch.3.1.1: 85) Downloading 'SRR14319971'...
2025-11-12T03:45:25 prefetch.3.1.1:  SRA Normalized Format file is being retrieved
2025-11-12T03:45:25 prefetch.3.1.1:  Downloading via HTTPS...
2025-11-12T03:45:26 prefetch.3.1.1:  HTTPS download succeed
2025-11-12T03:45:27 prefetch.3.1.1:  'SRR14319971' is valid: 15565944 bytes were streamed from 15559211
2025-11-12T03:45:27 prefetch.3.1.1: 85) 'SRR14319971' was downloaded successfully
2025-11-12T03:45:27 prefetch.3.1.1: 'SRR14319971' has 0 unresolved dependencies
2025-11-12T03:45:27 prefetch.3.1.1: 86) Resolving 'SRR14319980'...
2025-11-12T03:45:31 prefetch.3.1.1: 86) Downloading 'SRR14319980'...
2025-11-12T03:45:31 prefetch.3.1.1:  SRA Normalized Format file is being retrieved
2025-11-12T03:45:31 prefetch.3.1.1:  Downloading via HTTPS...
2025-11-12T03:45:33 prefetch.3.1.1:  HTTPS download succeed
2025-11-12T03:45:33 prefetch.3.1.1:  'SRR14319980' is valid: 18970768 bytes were streamed from 18964031
2025-11-12T03:45:33 prefetch.3.1.1: 86) 'SRR14319980' was downloaded successfully
2025-11-12T03:45:33 prefetch.3.1.1: 'SRR14319980' has 0 unresolved dependencies
2025-11-12T03:45:33 prefetch.3.1.1: 87) Resolving 'SRR14319979'...
2025-11-12T03:45:37 prefetch.3.1.1: 87) Downloading 'SRR14319979'...
2025-11-12T03:45:37 prefetch.3.1.1:  SRA Normalized Format file is being retrieved
2025-11-12T03:45:37 prefetch.3.1.1:  Downloading via HTTPS...
2025-11-12T03:45:40 prefetch.3.1.1:  HTTPS download succeed
2025-11-12T03:45:40 prefetch.3.1.1:  'SRR14319979' is valid: 50396934 bytes were streamed from 50387519
2025-11-12T03:45:40 prefetch.3.1.1: 87) 'SRR14319979' was downloaded successfully
2025-11-12T03:45:40 prefetch.3.1.1: 'SRR14319979' has 0 unresolved dependencies
2025-11-12T03:45:40 prefetch.3.1.1: 88) Resolving 'SRR14319978'...
2025-11-12T03:45:45 prefetch.3.1.1: 88) Downloading 'SRR14319978'...
2025-11-12T03:45:45 prefetch.3.1.1:  SRA Normalized Format file is being retrieved
2025-11-12T03:45:45 prefetch.3.1.1:  Downloading via HTTPS...
2025-11-12T03:45:47 prefetch.3.1.1:  HTTPS download succeed
2025-11-12T03:45:48 prefetch.3.1.1:  'SRR14319978' is valid: 43203718 bytes were streamed from 43187775
2025-11-12T03:45:48 prefetch.3.1.1: 88) 'SRR14319978' was downloaded successfully
2025-11-12T03:45:48 prefetch.3.1.1: 'SRR14319978' has 0 unresolved dependencies
2025-11-12T03:45:48 prefetch.3.1.1: 89) Resolving 'SRR14319977'...
2025-11-12T03:45:52 prefetch.3.1.1: 89) Downloading 'SRR14319977'...
2025-11-12T03:45:52 prefetch.3.1.1:  SRA Normalized Format file is being retrieved
2025-11-12T03:45:52 prefetch.3.1.1:  Downloading via HTTPS...
2025-11-12T03:45:54 prefetch.3.1.1:  HTTPS download succeed
2025-11-12T03:45:54 prefetch.3.1.1:  'SRR14319977' is valid: 28093900 bytes were streamed from 28080289
2025-11-12T03:45:54 prefetch.3.1.1: 89) 'SRR14319977' was downloaded successfully
2025-11-12T03:45:55 prefetch.3.1.1: 'SRR14319977' has 0 unresolved dependencies
2025-11-12T03:45:55 prefetch.3.1.1: 90) Resolving 'SRR14319976'...
2025-11-12T03:45:55 prefetch.3.1.1: 90) Downloading 'SRR14319976'...
2025-11-12T03:45:55 prefetch.3.1.1:  SRA Normalized Format file is being retrieved
2025-11-12T03:45:55 prefetch.3.1.1:  Downloading via HTTPS...
2025-11-12T03:45:57 prefetch.3.1.1:  HTTPS download succeed
2025-11-12T03:45:57 prefetch.3.1.1:  'SRR14319976' is valid: 20206683 bytes were streamed from 20192831
2025-11-12T03:45:57 prefetch.3.1.1: 90) 'SRR14319976' was downloaded successfully
2025-11-12T03:45:57 prefetch.3.1.1: 'SRR14319976' has 0 unresolved dependencies
2025-11-12T03:45:57 prefetch.3.1.1: 91) Resolving 'SRR14319981'...
2025-11-12T03:46:02 prefetch.3.1.1: 91) Downloading 'SRR14319981'...
2025-11-12T03:46:02 prefetch.3.1.1:  SRA Normalized Format file is being retrieved
2025-11-12T03:46:02 prefetch.3.1.1:  Downloading via HTTPS...
2025-11-12T03:46:04 prefetch.3.1.1:  HTTPS download succeed
2025-11-12T03:46:04 prefetch.3.1.1:  'SRR14319981' is valid: 37838053 bytes were streamed from 37833267
2025-11-12T03:46:04 prefetch.3.1.1: 91) 'SRR14319981' was downloaded successfully
2025-11-12T03:46:04 prefetch.3.1.1: 'SRR14319981' has 0 unresolved dependencies
Running fasterq-dump...
Processing SRR14319892
Processing SRR14319895
Processing SRR14319894
Processing SRR14319893
Processing SRR14319891
Processing SRR14319900
Processing SRR14319899
Processing SRR14319898
Processing SRR14319897
Processing SRR14319896
Processing SRR14319903
Processing SRR14319905
Processing SRR14319904
Processing SRR14319902
Processing SRR14319901
Processing SRR14319910
Processing SRR14319909
Processing SRR14319908
Processing SRR14319907
Processing SRR14319906
Processing SRR14319914
Processing SRR14319915
Processing SRR14319913
Processing SRR14319912
Processing SRR14319911
Processing SRR14319919
Processing SRR14319917
Processing SRR14319918
Processing SRR14319916
Processing SRR14319920
Processing SRR14319925
Processing SRR14319924
Processing SRR14319923
Processing SRR14319922
Processing SRR14319921
Processing SRR14319930
Processing SRR14319929
Processing SRR14319928
Processing SRR14319927
Processing SRR14319926
Processing SRR14319935
Processing SRR14319934
Processing SRR14319933
Processing SRR14319932
Processing SRR14319931
Processing SRR14319936
Processing SRR14319940
Processing SRR14319939
Processing SRR14319938
Processing SRR14319937
Processing SRR14319945
Processing SRR14319944
Processing SRR14319943
Processing SRR14319942
Processing SRR14319941
Processing SRR14319947
Processing SRR14319950
Processing SRR14319949
Processing SRR14319948
Processing SRR14319946
Processing SRR14319955
Processing SRR14319954
Processing SRR14319953
Processing SRR14319952
Processing SRR14319951
Processing SRR14319958
Processing SRR14319960
Processing SRR14319959
Processing SRR14319957
Processing SRR14319956
Processing SRR14319965
Processing SRR14319964
Processing SRR14319963
Processing SRR14319962
Processing SRR14319961
Processing SRR14319969
Processing SRR14319970
Processing SRR14319968
Processing SRR14319967
Processing SRR14319966
Processing SRR14319975
Processing SRR14319974
Processing SRR14319973
Processing SRR14319972
Processing SRR14319971
Processing SRR14319980
Processing SRR14319979
Processing SRR14319978
Processing SRR14319977
Processing SRR14319976
Processing SRR14319981
--- fasterq-dump complete. ---
--- Step 8: Creating manifest file... ---
